Using pre-set license
Built from '2021.3/staging' branch; Version is '2021.3.20f1 (577897200b8b) revision 5732503'; Using compiler version '192829333'; Build Type 'Release'
OS: 'Windows 10  (10.0.19044) 64bit Professional' Language: 'en' Physical Memory: 8065 MB
BatchMode: 1, IsHumanControllingUs: 0, StartBugReporterOnCrash: 0, Is64bit: 1, IsPro: 1

COMMAND LINE ARGUMENTS:
E:\Tu\unity\2021.3.20f1\Editor\Unity.exe
-adb2
-batchMode
-noUpm
-name
AssetImportWorker2
-projectPath
E:/Tu/joc Tu Pa/Joc-Tudor-Paun/Joc tp
-logFile
Logs/AssetImportWorker2.log
-srvPort
61628
Successfully changed project path to: E:/Tu/joc Tu Pa/Joc-Tudor-Paun/Joc tp
E:/Tu/joc Tu Pa/Joc-Tudor-Paun/Joc tp
[UnityMemory] Configuration Parameters - Can be set up in boot.config
    "memorysetup-bucket-allocator-granularity=16"
    "memorysetup-bucket-allocator-bucket-count=8"
    "memorysetup-bucket-allocator-block-size=33554432"
    "memorysetup-bucket-allocator-block-count=8"
    "memorysetup-main-allocator-block-size=16777216"
    "memorysetup-thread-allocator-block-size=16777216"
    "memorysetup-gfx-main-allocator-block-size=16777216"
    "memorysetup-gfx-thread-allocator-block-size=16777216"
    "memorysetup-cache-allocator-block-size=4194304"
    "memorysetup-typetree-allocator-block-size=2097152"
    "memorysetup-profiler-bucket-allocator-granularity=16"
    "memorysetup-profiler-bucket-allocator-bucket-count=8"
    "memorysetup-profiler-bucket-allocator-block-size=33554432"
    "memorysetup-profiler-bucket-allocator-block-count=8"
    "memorysetup-profiler-allocator-block-size=16777216"
    "memorysetup-profiler-editor-allocator-block-size=1048576"
    "memorysetup-temp-allocator-size-main=16777216"
    "memorysetup-job-temp-allocator-block-size=2097152"
    "memorysetup-job-temp-allocator-block-size-background=1048576"
    "memorysetup-job-temp-allocator-reduction-small-platforms=262144"
    "memorysetup-temp-allocator-size-background-worker=32768"
    "memorysetup-temp-allocator-size-job-worker=262144"
    "memorysetup-temp-allocator-size-preload-manager=33554432"
    "memorysetup-temp-allocator-size-nav-mesh-worker=65536"
    "memorysetup-temp-allocator-size-audio-worker=65536"
    "memorysetup-temp-allocator-size-cloud-worker=32768"
    "memorysetup-temp-allocator-size-gi-baking-worker=262144"
    "memorysetup-temp-allocator-size-gfx=262144"
Player connection [27260] Host "[IP] 192.168.0.131 [Port] 0 [Flags] 2 [Guid] 1020962431 [EditorId] 1020962431 [Version] 1048832 [Id] WindowsEditor(7,Pancoa) [Debug] 1 [PackageName] WindowsEditor [ProjectName] Editor" joined multi-casting on [225.0.0.222:54997]...

Player connection [27260] Host "[IP] 192.168.0.131 [Port] 0 [Flags] 2 [Guid] 1020962431 [EditorId] 1020962431 [Version] 1048832 [Id] WindowsEditor(7,Pancoa) [Debug] 1 [PackageName] WindowsEditor [ProjectName] Editor" joined alternative multi-casting on [225.0.0.222:34997]...

Refreshing native plugins compatible for Editor in 50.09 ms, found 3 plugins.
Preloading 0 native plugins for Editor in 0.00 ms.
Initialize engine version: 2021.3.20f1 (577897200b8b)
[Subsystems] Discovering subsystems at path E:/Tu/unity/2021.3.20f1/Editor/Data/Resources/UnitySubsystems
[Subsystems] Discovering subsystems at path E:/Tu/joc Tu Pa/Joc-Tudor-Paun/Joc tp/Assets
GfxDevice: creating device client; threaded=0; jobified=0
Direct3D:
    Version:  Direct3D 11.0 [level 11.1]
    Renderer: NVIDIA GeForce GTX 1050 Ti (ID=0x1c8c)
    Vendor:   NVIDIA
    VRAM:     4017 MB
    Driver:   31.0.15.3118
Initialize mono
Mono path[0] = 'E:/Tu/unity/2021.3.20f1/Editor/Data/Managed'
Mono path[1] = 'E:/Tu/unity/2021.3.20f1/Editor/Data/MonoBleedingEdge/lib/mono/unityjit-win32'
Mono config path = 'E:/Tu/unity/2021.3.20f1/Editor/Data/MonoBleedingEdge/etc'
Using monoOptions --debugger-agent=transport=dt_socket,embedding=1,server=y,suspend=n,address=127.0.0.1:56736
Begin MonoManager ReloadAssembly
Registering precompiled unity dll's ...
Register platform support module: E:/Tu/unity/2021.3.20f1/Editor/Data/PlaybackEngines/WindowsStandaloneSupport/UnityEditor.WindowsStandalone.Extensions.dll
Registered in 0.003397 seconds.
Native extension for WindowsStandalone target not found
Refreshing native plugins compatible for Editor in 61.08 ms, found 3 plugins.
Preloading 0 native plugins for Editor in 0.00 ms.
Mono: successfully reloaded assembly
- Completed reload, in  0.995 seconds
Domain Reload Profiling:
	ReloadAssembly (995ms)
		BeginReloadAssembly (237ms)
			ExecutionOrderSort (0ms)
			DisableScriptedObjects (0ms)
			BackupInstance (0ms)
			ReleaseScriptingObjects (0ms)
			CreateAndSetChildDomain (3ms)
		EndReloadAssembly (627ms)
			LoadAssemblies (230ms)
			RebuildTransferFunctionScriptingTraits (1ms)
			SetupTypeCache (163ms)
			ReleaseScriptCaches (0ms)
			RebuildScriptCaches (58ms)
			SetupLoadedEditorAssemblies (334ms)
				LogAssemblyErrors (0ms)
				InitializePlatformSupportModulesInManaged (8ms)
				SetLoadedEditorAssemblies (0ms)
				RefreshPlugins (61ms)
				BeforeProcessingInitializeOnLoad (1ms)
				ProcessInitializeOnLoadAttributes (202ms)
				ProcessInitializeOnLoadMethodAttributes (61ms)
				AfterProcessingInitializeOnLoad (0ms)
				EditorAssembliesLoaded (0ms)
			ExecutionOrderSort2 (0ms)
			AwakeInstancesAfterBackupRestoration (0ms)
Platform modules already initialized, skipping
Registering precompiled user dll's ...
Registered in 0.005095 seconds.
Begin MonoManager ReloadAssembly
Native extension for WindowsStandalone target not found
Refreshing native plugins compatible for Editor in 46.38 ms, found 3 plugins.
Preloading 0 native plugins for Editor in 0.00 ms.
Mono: successfully reloaded assembly
- Completed reload, in  1.599 seconds
Domain Reload Profiling:
	ReloadAssembly (1600ms)
		BeginReloadAssembly (278ms)
			ExecutionOrderSort (0ms)
			DisableScriptedObjects (11ms)
			BackupInstance (0ms)
			ReleaseScriptingObjects (0ms)
			CreateAndSetChildDomain (55ms)
		EndReloadAssembly (1140ms)
			LoadAssemblies (293ms)
			RebuildTransferFunctionScriptingTraits (0ms)
			SetupTypeCache (326ms)
			ReleaseScriptCaches (1ms)
			RebuildScriptCaches (106ms)
			SetupLoadedEditorAssemblies (420ms)
				LogAssemblyErrors (0ms)
				InitializePlatformSupportModulesInManaged (13ms)
				SetLoadedEditorAssemblies (0ms)
				RefreshPlugins (46ms)
				BeforeProcessingInitializeOnLoad (65ms)
				ProcessInitializeOnLoadAttributes (244ms)
				ProcessInitializeOnLoadMethodAttributes (48ms)
				AfterProcessingInitializeOnLoad (4ms)
				EditorAssembliesLoaded (0ms)
			ExecutionOrderSort2 (0ms)
			AwakeInstancesAfterBackupRestoration (8ms)
Platform modules already initialized, skipping
========================================================================
Worker process is ready to serve import requests
Launched and connected shader compiler UnityShaderCompiler.exe after 0.11 seconds
Refreshing native plugins compatible for Editor in 1.66 ms, found 3 plugins.
Preloading 0 native plugins for Editor in 0.00 ms.
Unloading 2154 Unused Serialized files (Serialized files now loaded: 0)
Unloading 30 unused Assets / (56.1 KB). Loaded Objects now: 2620.
Memory consumption went from 100.8 MB to 100.8 MB.
Total: 7.273000 ms (FindLiveObjects: 0.811400 ms CreateObjectMapping: 0.739300 ms MarkObjects: 5.553100 ms  DeleteObjects: 0.163900 ms)

AssetImportParameters requested are different than current active one (requested -> active):
  custom:video-decoder-ogg-theora: a1e56fd34408186e4bbccfd4996cb3dc -> 
  custom:container-muxer-webm: aa71ff27fc2769a1b78a27578f13a17b -> 
  custom:container-demuxer-webm: 4f35f7cbe854078d1ac9338744f61a02 -> 
  custom:video-encoder-webm-vp8: eb34c28f22e8b96e1ab97ce403110664 -> 
  custom:audio-encoder-webm-vorbis: bf7c407c2cedff20999df2af8eb42d56 -> 
  custom:framework-win-MediaFoundation: 216162199b28c13a410421893ffa2e32 -> 
  custom:container-demuxer-ogg: 62fdf1f143b41e24485cea50d1cbac27 -> 
  custom:video-decoder-webm-vp8: 9c59270c3fd7afecdb556c50c9e8de78 -> 
  custom:audio-decoder-ogg-vorbis: bf7c407c2cedff20999df2af8eb42d56 -> 
========================================================================
Received Import Request.
  Time since last request: 187452.656157 seconds.
  path: Assets/nivelobstacole/tiles/wood tiles_3.asset
  artifactKey: Guid(30eec1609352d784fbf43ad409d208e7) Importer(815301076,1909f56bfc062723c751e8b465ee728b)
Start importing Assets/nivelobstacole/tiles/wood tiles_3.asset using Guid(30eec1609352d784fbf43ad409d208e7) Importer(815301076,1909f56bfc062723c751e8b465ee728b)  -> (artifact id: 'd8222d4b29a8fcae418c764f3234ed6c') in 0.181734 seconds 
========================================================================
Received Import Request.
  Time since last request: 0.000029 seconds.
  path: Assets/nivelobstacole/tiles/wood tiles_9.asset
  artifactKey: Guid(8ea9ee07d530e154ab2269e99c74dccf) Importer(815301076,1909f56bfc062723c751e8b465ee728b)
Start importing Assets/nivelobstacole/tiles/wood tiles_9.asset using Guid(8ea9ee07d530e154ab2269e99c74dccf) Importer(815301076,1909f56bfc062723c751e8b465ee728b)  -> (artifact id: 'b67a3f506fb413abf03e55d2c7cf143a') in 0.039817 seconds 
========================================================================
Received Import Request.
  Time since last request: 0.000070 seconds.
  path: Assets/nivelobstacole/tiles/wood tiles_4.asset
  artifactKey: Guid(188c025eb8aa4fc43af17abd2ffdf57d) Importer(815301076,1909f56bfc062723c751e8b465ee728b)
Start importing Assets/nivelobstacole/tiles/wood tiles_4.asset using Guid(188c025eb8aa4fc43af17abd2ffdf57d) Importer(815301076,1909f56bfc062723c751e8b465ee728b)  -> (artifact id: '78f27e76ceed508cf3de100d2b00f037') in 0.067918 seconds 
========================================================================
Received Import Request.
  Time since last request: 0.000297 seconds.
  path: Assets/nivelobstacole/tiles/wood tiles_5.asset
  artifactKey: Guid(8cf0874514d9bff488d1532e402b64d1) Importer(815301076,1909f56bfc062723c751e8b465ee728b)
Start importing Assets/nivelobstacole/tiles/wood tiles_5.asset using Guid(8cf0874514d9bff488d1532e402b64d1) Importer(815301076,1909f56bfc062723c751e8b465ee728b)  -> (artifact id: '2e59575acfd1a6d3ea1e5b6018b17ff7') in 0.049606 seconds 
========================================================================
Received Import Request.
  Time since last request: 0.000033 seconds.
  path: Assets/nivelobstacole/tiles/wood tiles_8.asset
  artifactKey: Guid(3db503c764bcaea4d8867fc56682156c) Importer(815301076,1909f56bfc062723c751e8b465ee728b)
Start importing Assets/nivelobstacole/tiles/wood tiles_8.asset using Guid(3db503c764bcaea4d8867fc56682156c) Importer(815301076,1909f56bfc062723c751e8b465ee728b)  -> (artifact id: '7b418f2781b141f45228bfd2e909d66b') in 0.037125 seconds 
========================================================================
Received Import Request.
  Time since last request: 0.000050 seconds.
  path: Assets/nivelobstacole/tiles/wood tiles_1.asset
  artifactKey: Guid(5ce31ec26c6cb04429d8443852a288a1) Importer(815301076,1909f56bfc062723c751e8b465ee728b)
Start importing Assets/nivelobstacole/tiles/wood tiles_1.asset using Guid(5ce31ec26c6cb04429d8443852a288a1) Importer(815301076,1909f56bfc062723c751e8b465ee728b)  -> (artifact id: '45dfdebb2cbfa5ff21890bc0efec4bec') in 0.035756 seconds 
========================================================================
Received Import Request.
  Time since last request: 0.000031 seconds.
  path: Assets/nivelobstacole/tiles/sprite atlas.spriteatlas
  artifactKey: Guid(fa7a76f2660437e4c8da45b8845e43aa) Importer(815301076,1909f56bfc062723c751e8b465ee728b)
Start importing Assets/nivelobstacole/tiles/sprite atlas.spriteatlas using Guid(fa7a76f2660437e4c8da45b8845e43aa) Importer(815301076,1909f56bfc062723c751e8b465ee728b)  -> (artifact id: '629b396e56fc68da188f45f233313fbb') in 0.033788 seconds 
========================================================================
Received Import Request.
  Time since last request: 0.000092 seconds.
  path: Assets/nivelobstacole/tiles/wood tiles_17.asset
  artifactKey: Guid(83fd71dbe5082de4f90385518f2ffd2e) Importer(815301076,1909f56bfc062723c751e8b465ee728b)
Start importing Assets/nivelobstacole/tiles/wood tiles_17.asset using Guid(83fd71dbe5082de4f90385518f2ffd2e) Importer(815301076,1909f56bfc062723c751e8b465ee728b)  -> (artifact id: 'a7e4132ab43e1bbe6d3d3e223823fef1') in 0.033601 seconds 
========================================================================
Received Import Request.
  Time since last request: 0.000127 seconds.
  path: Assets/nivelobstacole/tiles/wood tiles_10.asset
  artifactKey: Guid(ed213aaed17b084428682ddc3d4474ff) Importer(815301076,1909f56bfc062723c751e8b465ee728b)
Start importing Assets/nivelobstacole/tiles/wood tiles_10.asset using Guid(ed213aaed17b084428682ddc3d4474ff) Importer(815301076,1909f56bfc062723c751e8b465ee728b)  -> (artifact id: '277c30409a7d971080e2e158ed47cf1e') in 0.042666 seconds 
========================================================================
Received Import Request.
  Time since last request: 0.000033 seconds.
  path: Assets/nivelobstacole/tiles/wood tiles_6.asset
  artifactKey: Guid(37e6ea9db908ee745944403cd13e2c7b) Importer(815301076,1909f56bfc062723c751e8b465ee728b)
Start importing Assets/nivelobstacole/tiles/wood tiles_6.asset using Guid(37e6ea9db908ee745944403cd13e2c7b) Importer(815301076,1909f56bfc062723c751e8b465ee728b)  -> (artifact id: '27f5d2eb3fcfc5ce89e5c06e09bd592a') in 0.039346 seconds 
========================================================================
Received Import Request.
  Time since last request: 0.000053 seconds.
  path: Assets/nivelobstacole/tiles/wood tiles_15.asset
  artifactKey: Guid(b593d9167594c1744ac167a46b6c8d52) Importer(815301076,1909f56bfc062723c751e8b465ee728b)
Start importing Assets/nivelobstacole/tiles/wood tiles_15.asset using Guid(b593d9167594c1744ac167a46b6c8d52) Importer(815301076,1909f56bfc062723c751e8b465ee728b)  -> (artifact id: '590f5ab769c9dd4ea2515c52b1981fb5') in 0.037823 seconds 
========================================================================
Received Import Request.
  Time since last request: 16.738425 seconds.
  path: Assets/nivelobstacole/tiles/peretespate
  artifactKey: Guid(1b24afcc257fed24ea0a63ffd6d02caf) Importer(815301076,1909f56bfc062723c751e8b465ee728b)
Start importing Assets/nivelobstacole/tiles/peretespate using Guid(1b24afcc257fed24ea0a63ffd6d02caf) Importer(815301076,1909f56bfc062723c751e8b465ee728b)  -> (artifact id: 'a10e7b0ad6aad4536729b68b7a1a781d') in 0.002495 seconds 
========================================================================
Received Import Request.
  Time since last request: 33.513052 seconds.
  path: Assets/nivelobstacole/tiles/peretespate/New Piskel.png
  artifactKey: Guid(3d7f7be0a8a4b0143aa606cf47279003) Importer(815301076,1909f56bfc062723c751e8b465ee728b)
Start importing Assets/nivelobstacole/tiles/peretespate/New Piskel.png using Guid(3d7f7be0a8a4b0143aa606cf47279003) Importer(815301076,1909f56bfc062723c751e8b465ee728b)  -> (artifact id: '2a16b3c703b3a12141e627fe64129936') in 0.154480 seconds 
========================================================================
Received Import Request.
  Time since last request: 5.616078 seconds.
  path: Assets/nivelobstacole/tiles/peretespate/New Piskel.asset
  artifactKey: Guid(b1058242ed6d54b42a47c68187eec953) Importer(815301076,1909f56bfc062723c751e8b465ee728b)
Start importing Assets/nivelobstacole/tiles/peretespate/New Piskel.asset using Guid(b1058242ed6d54b42a47c68187eec953) Importer(815301076,1909f56bfc062723c751e8b465ee728b)  -> (artifact id: 'd81752560af238ea52e1ac3761e3df2c') in 0.016762 seconds 
========================================================================
Received Prepare
Registering precompiled user dll's ...
Registered in 0.003641 seconds.
Begin MonoManager ReloadAssembly
Native extension for WindowsStandalone target not found
Refreshing native plugins compatible for Editor in 1.54 ms, found 3 plugins.
Preloading 0 native plugins for Editor in 0.00 ms.
Mono: successfully reloaded assembly
- Completed reload, in  2.525 seconds
Domain Reload Profiling:
	ReloadAssembly (2526ms)
		BeginReloadAssembly (170ms)
			ExecutionOrderSort (0ms)
			DisableScriptedObjects (10ms)
			BackupInstance (0ms)
			ReleaseScriptingObjects (0ms)
			CreateAndSetChildDomain (44ms)
		EndReloadAssembly (2111ms)
			LoadAssemblies (153ms)
			RebuildTransferFunctionScriptingTraits (0ms)
			SetupTypeCache (632ms)
			ReleaseScriptCaches (5ms)
			RebuildScriptCaches (187ms)
			SetupLoadedEditorAssemblies (915ms)
				LogAssemblyErrors (0ms)
				InitializePlatformSupportModulesInManaged (16ms)
				SetLoadedEditorAssemblies (1ms)
				RefreshPlugins (2ms)
				BeforeProcessingInitializeOnLoad (155ms)
				ProcessInitializeOnLoadAttributes (625ms)
				ProcessInitializeOnLoadMethodAttributes (109ms)
				AfterProcessingInitializeOnLoad (5ms)
				EditorAssembliesLoaded (1ms)
			ExecutionOrderSort2 (0ms)
			AwakeInstancesAfterBackupRestoration (26ms)
Platform modules already initialized, skipping
Refreshing native plugins compatible for Editor in 5.67 ms, found 3 plugins.
Preloading 0 native plugins for Editor in 0.00 ms.
Unloading 2144 Unused Serialized files (Serialized files now loaded: 0)
Unloading 18 unused Assets / (31.7 KB). Loaded Objects now: 2632.
Memory consumption went from 103.9 MB to 103.9 MB.
Total: 18.196800 ms (FindLiveObjects: 1.800200 ms CreateObjectMapping: 1.871400 ms MarkObjects: 14.324400 ms  DeleteObjects: 0.196400 ms)

AssetImportParameters requested are different than current active one (requested -> active):
  custom:video-decoder-ogg-theora: a1e56fd34408186e4bbccfd4996cb3dc -> 
  custom:container-muxer-webm: aa71ff27fc2769a1b78a27578f13a17b -> 
  custom:container-demuxer-webm: 4f35f7cbe854078d1ac9338744f61a02 -> 
  custom:video-encoder-webm-vp8: eb34c28f22e8b96e1ab97ce403110664 -> 
  custom:audio-encoder-webm-vorbis: bf7c407c2cedff20999df2af8eb42d56 -> 
  custom:framework-win-MediaFoundation: 216162199b28c13a410421893ffa2e32 -> 
  custom:container-demuxer-ogg: 62fdf1f143b41e24485cea50d1cbac27 -> 
  custom:video-decoder-webm-vp8: 9c59270c3fd7afecdb556c50c9e8de78 -> 
  custom:audio-decoder-ogg-vorbis: bf7c407c2cedff20999df2af8eb42d56 -> 
========================================================================
Received Import Request.
  Time since last request: 1007.991476 seconds.
  path: Assets/nivelobstacole/tiles/peretespate.prefab
  artifactKey: Guid(d37f38eccca5ab1498fac6b5ecdc6456) Importer(815301076,1909f56bfc062723c751e8b465ee728b)
Start importing Assets/nivelobstacole/tiles/peretespate.prefab using Guid(d37f38eccca5ab1498fac6b5ecdc6456) Importer(815301076,1909f56bfc062723c751e8b465ee728b)  -> (artifact id: '3518b4b3ffaf66f860535fd87ed736f8') in 0.267366 seconds 
========================================================================
Received Import Request.
  Time since last request: 6.053825 seconds.
  path: Assets/nivelobstacole/tiles/woodtiles
  artifactKey: Guid(ff67ad5b9dd7fc44a8f2327befb5e46d) Importer(815301076,1909f56bfc062723c751e8b465ee728b)
Start importing Assets/nivelobstacole/tiles/woodtiles using Guid(ff67ad5b9dd7fc44a8f2327befb5e46d) Importer(815301076,1909f56bfc062723c751e8b465ee728b)  -> (artifact id: '299d30e52e449697a87e56e14a492fa4') in 0.052283 seconds 
========================================================================
Received Import Request.
  Time since last request: 0.058897 seconds.
  path: Assets/nivelobstacole/tiles/woodtiles/wood tiles.png
  artifactKey: Guid(a97cf78181b353a4babed724cde1e46c) Importer(815301076,1909f56bfc062723c751e8b465ee728b)
Start importing Assets/nivelobstacole/tiles/woodtiles/wood tiles.png using Guid(a97cf78181b353a4babed724cde1e46c) Importer(815301076,1909f56bfc062723c751e8b465ee728b)  -> (artifact id: '962a2d53fbad48572866b8995e7557f3') in 0.257817 seconds 
========================================================================
Received Import Request.
  Time since last request: 132.063020 seconds.
  path: Assets/nivelobstacole/tiles/woodtiles/wood tiles_0.asset
  artifactKey: Guid(81ee4796dacded54aabd623a64ecd9f3) Importer(815301076,1909f56bfc062723c751e8b465ee728b)
Start importing Assets/nivelobstacole/tiles/woodtiles/wood tiles_0.asset using Guid(81ee4796dacded54aabd623a64ecd9f3) Importer(815301076,1909f56bfc062723c751e8b465ee728b)  -> (artifact id: '264760bbda943eacfc66ecf52152021a') in 0.027841 seconds 
========================================================================
Received Import Request.
  Time since last request: 0.009255 seconds.
  path: Assets/nivelobstacole/tiles/woodtiles/wood tiles_2.asset
  artifactKey: Guid(5412b1f6528949b44a5856b67d7858fc) Importer(815301076,1909f56bfc062723c751e8b465ee728b)
Start importing Assets/nivelobstacole/tiles/woodtiles/wood tiles_2.asset using Guid(5412b1f6528949b44a5856b67d7858fc) Importer(815301076,1909f56bfc062723c751e8b465ee728b)  -> (artifact id: '88f59b4fc6608db0b37929b34a7efa5a') in 0.032092 seconds 
========================================================================
Received Import Request.
  Time since last request: 0.000096 seconds.
  path: Assets/nivelobstacole/tiles/woodtiles/wood tiles_13.asset
  artifactKey: Guid(79e66de2dcb58f241b8b09ce431cb353) Importer(815301076,1909f56bfc062723c751e8b465ee728b)
Start importing Assets/nivelobstacole/tiles/woodtiles/wood tiles_13.asset using Guid(79e66de2dcb58f241b8b09ce431cb353) Importer(815301076,1909f56bfc062723c751e8b465ee728b)  -> (artifact id: 'b92bb13fa0db83e136f1cd66116a55da') in 0.025863 seconds 
========================================================================
Received Import Request.
  Time since last request: 0.000057 seconds.
  path: Assets/nivelobstacole/tiles/woodtiles/wood tiles_7.asset
  artifactKey: Guid(9b1b39a555ae98d44b950cdf89385ff9) Importer(815301076,1909f56bfc062723c751e8b465ee728b)
Start importing Assets/nivelobstacole/tiles/woodtiles/wood tiles_7.asset using Guid(9b1b39a555ae98d44b950cdf89385ff9) Importer(815301076,1909f56bfc062723c751e8b465ee728b)  -> (artifact id: '602175654c2efce9279fd02fa95a07e4') in 0.027005 seconds 
========================================================================
Received Import Request.
  Time since last request: 0.000067 seconds.
  path: Assets/nivelobstacole/tiles/woodtiles/wood tiles_9.asset
  artifactKey: Guid(76aa2d6114046344fb491ea2b8bcea27) Importer(815301076,1909f56bfc062723c751e8b465ee728b)
Start importing Assets/nivelobstacole/tiles/woodtiles/wood tiles_9.asset using Guid(76aa2d6114046344fb491ea2b8bcea27) Importer(815301076,1909f56bfc062723c751e8b465ee728b)  -> (artifact id: '87732dcc462fe11e3f7ff16ba96f5f4d') in 0.046642 seconds 
========================================================================
Received Import Request.
  Time since last request: 0.000238 seconds.
  path: Assets/nivelobstacole/tiles/woodtiles/wood tiles_17.asset
  artifactKey: Guid(70dbca69e1caae040b6cc02404495ea7) Importer(815301076,1909f56bfc062723c751e8b465ee728b)
Start importing Assets/nivelobstacole/tiles/woodtiles/wood tiles_17.asset using Guid(70dbca69e1caae040b6cc02404495ea7) Importer(815301076,1909f56bfc062723c751e8b465ee728b)  -> (artifact id: 'e99da30fe989d6cf6d3bdfea4288170f') in 0.015836 seconds 
========================================================================
Received Import Request.
  Time since last request: 0.000252 seconds.
  path: Assets/nivelobstacole/tiles/woodtiles/wood tiles_14.asset
  artifactKey: Guid(9f5d24ce2fb374f41ac2e431ba2d9236) Importer(815301076,1909f56bfc062723c751e8b465ee728b)
Start importing Assets/nivelobstacole/tiles/woodtiles/wood tiles_14.asset using Guid(9f5d24ce2fb374f41ac2e431ba2d9236) Importer(815301076,1909f56bfc062723c751e8b465ee728b)  -> (artifact id: 'baf0928b1f5c7d3e17eb760acffe2e97') in 0.018198 seconds 
========================================================================
Received Import Request.
  Time since last request: 0.000129 seconds.
  path: Assets/nivelobstacole/tiles/woodtiles/wood tiles_5.asset
  artifactKey: Guid(45dac335863a2454bb88f7b67e00501b) Importer(815301076,1909f56bfc062723c751e8b465ee728b)
Start importing Assets/nivelobstacole/tiles/woodtiles/wood tiles_5.asset using Guid(45dac335863a2454bb88f7b67e00501b) Importer(815301076,1909f56bfc062723c751e8b465ee728b)  -> (artifact id: 'e2c0fd52ce8f3fc8532a43076f860234') in 0.056403 seconds 
========================================================================
Received Import Request.
  Time since last request: 0.000056 seconds.
  path: Assets/nivelobstacole/tiles/woodtiles/wood tiles_18.asset
  artifactKey: Guid(3ebdbf24974070642a72316f936de811) Importer(815301076,1909f56bfc062723c751e8b465ee728b)
Start importing Assets/nivelobstacole/tiles/woodtiles/wood tiles_18.asset using Guid(3ebdbf24974070642a72316f936de811) Importer(815301076,1909f56bfc062723c751e8b465ee728b)  -> (artifact id: '51e315c68e375ee216d9991870318e91') in 0.047203 seconds 
========================================================================
Received Import Request.
  Time since last request: 0.000062 seconds.
  path: Assets/nivelobstacole/tiles/woodtiles/wood tiles_3.asset
  artifactKey: Guid(45c22f3957bd7574fa714546436e6234) Importer(815301076,1909f56bfc062723c751e8b465ee728b)
Start importing Assets/nivelobstacole/tiles/woodtiles/wood tiles_3.asset using Guid(45c22f3957bd7574fa714546436e6234) Importer(815301076,1909f56bfc062723c751e8b465ee728b)  -> (artifact id: 'e6b551c4af8d8e944d054e732cff535c') in 0.049219 seconds 
========================================================================
Received Import Request.
  Time since last request: 17.077288 seconds.
  path: Assets/nivelobstacole/tiles/woodtile.prefab
  artifactKey: Guid(8a2fa5e9b1198e940afba7a08b3d9085) Importer(815301076,1909f56bfc062723c751e8b465ee728b)
Start importing Assets/nivelobstacole/tiles/woodtile.prefab using Guid(8a2fa5e9b1198e940afba7a08b3d9085) Importer(815301076,1909f56bfc062723c751e8b465ee728b)  -> (artifact id: 'e3eedefefd0553413f1179cea9a18f31') in 0.018780 seconds 
========================================================================
Received Import Request.
  Time since last request: 5.479837 seconds.
  path: Assets/nivelobstacole/tiles/woodtile.prefab
  artifactKey: Guid(8a2fa5e9b1198e940afba7a08b3d9085) Importer(815301076,1909f56bfc062723c751e8b465ee728b)
Start importing Assets/nivelobstacole/tiles/woodtile.prefab using Guid(8a2fa5e9b1198e940afba7a08b3d9085) Importer(815301076,1909f56bfc062723c751e8b465ee728b)  -> (artifact id: 'dcf0845553b47a31e19033d3c35d123a') in 0.063291 seconds 
========================================================================
Received Import Request.
  Time since last request: 13.327587 seconds.
  path: Assets/nivelobstacole/tiles/woodtile.prefab
  artifactKey: Guid(8a2fa5e9b1198e940afba7a08b3d9085) Importer(815301076,1909f56bfc062723c751e8b465ee728b)
Start importing Assets/nivelobstacole/tiles/woodtile.prefab using Guid(8a2fa5e9b1198e940afba7a08b3d9085) Importer(815301076,1909f56bfc062723c751e8b465ee728b)  -> (artifact id: '876edfd425f5d7ccadc81b43e4af7dd1') in 0.056621 seconds 
========================================================================
Received Import Request.
  Time since last request: 40.464028 seconds.
  path: Assets/nivelobstacole/tiles/woodtile.prefab
  artifactKey: Guid(8a2fa5e9b1198e940afba7a08b3d9085) Importer(815301076,1909f56bfc062723c751e8b465ee728b)
Start importing Assets/nivelobstacole/tiles/woodtile.prefab using Guid(8a2fa5e9b1198e940afba7a08b3d9085) Importer(815301076,1909f56bfc062723c751e8b465ee728b)  -> (artifact id: '436f14714a7c2bbce93b433989a83863') in 0.050306 seconds 
========================================================================
Received Import Request.
  Time since last request: 104.349977 seconds.
  path: Assets/nivelobstacole/tiles/woodtile.prefab
  artifactKey: Guid(8a2fa5e9b1198e940afba7a08b3d9085) Importer(815301076,1909f56bfc062723c751e8b465ee728b)
Start importing Assets/nivelobstacole/tiles/woodtile.prefab using Guid(8a2fa5e9b1198e940afba7a08b3d9085) Importer(815301076,1909f56bfc062723c751e8b465ee728b)  -> (artifact id: 'd7f19efe60cd663b3126d958a1c92b49') in 0.048829 seconds 
========================================================================
Received Import Request.
  Time since last request: 221.193108 seconds.
  path: Assets/nivelobstacole/tiles/woodtile.prefab
  artifactKey: Guid(8a2fa5e9b1198e940afba7a08b3d9085) Importer(815301076,1909f56bfc062723c751e8b465ee728b)
Start importing Assets/nivelobstacole/tiles/woodtile.prefab using Guid(8a2fa5e9b1198e940afba7a08b3d9085) Importer(815301076,1909f56bfc062723c751e8b465ee728b)  -> (artifact id: '35882031197ed200a61cbb0a7534f507') in 0.037233 seconds 
========================================================================
Received Import Request.
  Time since last request: 21.266651 seconds.
  path: Assets/nivelobstacole/tiles/woodtile.prefab
  artifactKey: Guid(8a2fa5e9b1198e940afba7a08b3d9085) Importer(815301076,1909f56bfc062723c751e8b465ee728b)
Start importing Assets/nivelobstacole/tiles/woodtile.prefab using Guid(8a2fa5e9b1198e940afba7a08b3d9085) Importer(815301076,1909f56bfc062723c751e8b465ee728b)  -> (artifact id: 'fd6ba2378473b640ea59a26116c44801') in 0.080651 seconds 
========================================================================
Received Import Request.
  Time since last request: 44.531040 seconds.
  path: Assets/nivelobstacole/tiles/woodtile.prefab
  artifactKey: Guid(8a2fa5e9b1198e940afba7a08b3d9085) Importer(815301076,1909f56bfc062723c751e8b465ee728b)
Start importing Assets/nivelobstacole/tiles/woodtile.prefab using Guid(8a2fa5e9b1198e940afba7a08b3d9085) Importer(815301076,1909f56bfc062723c751e8b465ee728b)  -> (artifact id: '9bce8735bfdcf822af7babbb3a43cff6') in 0.047549 seconds 
========================================================================
Received Import Request.
  Time since last request: 6.054434 seconds.
  path: Assets/nivelobstacole/tiles/woodtile.prefab
  artifactKey: Guid(8a2fa5e9b1198e940afba7a08b3d9085) Importer(815301076,1909f56bfc062723c751e8b465ee728b)
Start importing Assets/nivelobstacole/tiles/woodtile.prefab using Guid(8a2fa5e9b1198e940afba7a08b3d9085) Importer(815301076,1909f56bfc062723c751e8b465ee728b)  -> (artifact id: '8d01bb89c87d0317c0e443565f291c9d') in 0.034710 seconds 
========================================================================
Received Import Request.
  Time since last request: 1.753621 seconds.
  path: Assets/nivelobstacole/tiles/woodtile.prefab
  artifactKey: Guid(8a2fa5e9b1198e940afba7a08b3d9085) Importer(815301076,1909f56bfc062723c751e8b465ee728b)
Start importing Assets/nivelobstacole/tiles/woodtile.prefab using Guid(8a2fa5e9b1198e940afba7a08b3d9085) Importer(815301076,1909f56bfc062723c751e8b465ee728b)  -> (artifact id: '0edfe846378621ee57e2fbd9295869e5') in 0.041686 seconds 
========================================================================
Received Import Request.
  Time since last request: 4.702104 seconds.
  path: Assets/nivelobstacole/tiles/woodtile.prefab
  artifactKey: Guid(8a2fa5e9b1198e940afba7a08b3d9085) Importer(815301076,1909f56bfc062723c751e8b465ee728b)
Start importing Assets/nivelobstacole/tiles/woodtile.prefab using Guid(8a2fa5e9b1198e940afba7a08b3d9085) Importer(815301076,1909f56bfc062723c751e8b465ee728b)  -> (artifact id: '321f261b990edbd7bbdc188a5b0e8eea') in 0.047909 seconds 
========================================================================
Received Import Request.
  Time since last request: 12.431520 seconds.
  path: Assets/nivelobstacole/tiles/woodtile.prefab
  artifactKey: Guid(8a2fa5e9b1198e940afba7a08b3d9085) Importer(815301076,1909f56bfc062723c751e8b465ee728b)
Start importing Assets/nivelobstacole/tiles/woodtile.prefab using Guid(8a2fa5e9b1198e940afba7a08b3d9085) Importer(815301076,1909f56bfc062723c751e8b465ee728b)  -> (artifact id: 'a1f3b0dc77ef24f52f74e3e9ba53d882') in 0.034698 seconds 
========================================================================
Received Import Request.
  Time since last request: 1.360367 seconds.
  path: Assets/nivelobstacole/tiles/woodtile.prefab
  artifactKey: Guid(8a2fa5e9b1198e940afba7a08b3d9085) Importer(815301076,1909f56bfc062723c751e8b465ee728b)
Start importing Assets/nivelobstacole/tiles/woodtile.prefab using Guid(8a2fa5e9b1198e940afba7a08b3d9085) Importer(815301076,1909f56bfc062723c751e8b465ee728b)  -> (artifact id: 'c79f58f0bfba957535d802cb886c9430') in 0.047280 seconds 
========================================================================
Received Import Request.
  Time since last request: 3.258867 seconds.
  path: Assets/nivelobstacole/tiles/woodtile.prefab
  artifactKey: Guid(8a2fa5e9b1198e940afba7a08b3d9085) Importer(815301076,1909f56bfc062723c751e8b465ee728b)
Start importing Assets/nivelobstacole/tiles/woodtile.prefab using Guid(8a2fa5e9b1198e940afba7a08b3d9085) Importer(815301076,1909f56bfc062723c751e8b465ee728b)  -> (artifact id: '568c499475f7f31c4cb46d98f4702d8c') in 0.047636 seconds 
========================================================================
Received Import Request.
  Time since last request: 10.395907 seconds.
  path: Assets/nivelobstacole/tiles/woodtile.prefab
  artifactKey: Guid(8a2fa5e9b1198e940afba7a08b3d9085) Importer(815301076,1909f56bfc062723c751e8b465ee728b)
Start importing Assets/nivelobstacole/tiles/woodtile.prefab using Guid(8a2fa5e9b1198e940afba7a08b3d9085) Importer(815301076,1909f56bfc062723c751e8b465ee728b)  -> (artifact id: 'adfafabc48ad4b0392bc7811c5dc0be5') in 0.037091 seconds 
========================================================================
Received Import Request.
  Time since last request: 2.025545 seconds.
  path: Assets/nivelobstacole/tiles/woodtile.prefab
  artifactKey: Guid(8a2fa5e9b1198e940afba7a08b3d9085) Importer(815301076,1909f56bfc062723c751e8b465ee728b)
Start importing Assets/nivelobstacole/tiles/woodtile.prefab using Guid(8a2fa5e9b1198e940afba7a08b3d9085) Importer(815301076,1909f56bfc062723c751e8b465ee728b)  -> (artifact id: 'f99fd2bda962ce33914123975e46348b') in 0.062592 seconds 
========================================================================
Received Import Request.
  Time since last request: 2.085579 seconds.
  path: Assets/nivelobstacole/tiles/woodtile.prefab
  artifactKey: Guid(8a2fa5e9b1198e940afba7a08b3d9085) Importer(815301076,1909f56bfc062723c751e8b465ee728b)
Start importing Assets/nivelobstacole/tiles/woodtile.prefab using Guid(8a2fa5e9b1198e940afba7a08b3d9085) Importer(815301076,1909f56bfc062723c751e8b465ee728b)  -> (artifact id: '15269baa08f153aa8378c17b1759a876') in 0.047632 seconds 
========================================================================
Received Import Request.
  Time since last request: 1.846237 seconds.
  path: Assets/nivelobstacole/tiles/woodtile.prefab
  artifactKey: Guid(8a2fa5e9b1198e940afba7a08b3d9085) Importer(815301076,1909f56bfc062723c751e8b465ee728b)
Start importing Assets/nivelobstacole/tiles/woodtile.prefab using Guid(8a2fa5e9b1198e940afba7a08b3d9085) Importer(815301076,1909f56bfc062723c751e8b465ee728b)  -> (artifact id: 'ec4ebb6a34fd06be2afd47d25706cf42') in 0.041200 seconds 
========================================================================
Received Import Request.
  Time since last request: 17.679917 seconds.
  path: Assets/nivelobstacole/tiles/woodtile.prefab
  artifactKey: Guid(8a2fa5e9b1198e940afba7a08b3d9085) Importer(815301076,1909f56bfc062723c751e8b465ee728b)
Start importing Assets/nivelobstacole/tiles/woodtile.prefab using Guid(8a2fa5e9b1198e940afba7a08b3d9085) Importer(815301076,1909f56bfc062723c751e8b465ee728b)  -> (artifact id: '59cfbd2b30d026f195cf4c51d9dbbb32') in 0.047309 seconds 
========================================================================
Received Import Request.
  Time since last request: 6.604171 seconds.
  path: Assets/nivelobstacole/tiles/woodtile.prefab
  artifactKey: Guid(8a2fa5e9b1198e940afba7a08b3d9085) Importer(815301076,1909f56bfc062723c751e8b465ee728b)
Start importing Assets/nivelobstacole/tiles/woodtile.prefab using Guid(8a2fa5e9b1198e940afba7a08b3d9085) Importer(815301076,1909f56bfc062723c751e8b465ee728b)  -> (artifact id: 'd48e689fe10af3bbbdd768593510533a') in 0.052384 seconds 
========================================================================
Received Import Request.
  Time since last request: 2.576531 seconds.
  path: Assets/nivelobstacole/tiles/woodtile.prefab
  artifactKey: Guid(8a2fa5e9b1198e940afba7a08b3d9085) Importer(815301076,1909f56bfc062723c751e8b465ee728b)
Start importing Assets/nivelobstacole/tiles/woodtile.prefab using Guid(8a2fa5e9b1198e940afba7a08b3d9085) Importer(815301076,1909f56bfc062723c751e8b465ee728b)  -> (artifact id: '7dfd98acdf1f9be889f4706f180b2930') in 0.048331 seconds 
========================================================================
Received Import Request.
  Time since last request: 2.660219 seconds.
  path: Assets/nivelobstacole/tiles/woodtile.prefab
  artifactKey: Guid(8a2fa5e9b1198e940afba7a08b3d9085) Importer(815301076,1909f56bfc062723c751e8b465ee728b)
Start importing Assets/nivelobstacole/tiles/woodtile.prefab using Guid(8a2fa5e9b1198e940afba7a08b3d9085) Importer(815301076,1909f56bfc062723c751e8b465ee728b)  -> (artifact id: '07b3101e41214a538151dbef62fd73be') in 0.040388 seconds 
========================================================================
Received Import Request.
  Time since last request: 4.094244 seconds.
  path: Assets/nivelobstacole/tiles/woodtile.prefab
  artifactKey: Guid(8a2fa5e9b1198e940afba7a08b3d9085) Importer(815301076,1909f56bfc062723c751e8b465ee728b)
Start importing Assets/nivelobstacole/tiles/woodtile.prefab using Guid(8a2fa5e9b1198e940afba7a08b3d9085) Importer(815301076,1909f56bfc062723c751e8b465ee728b)  -> (artifact id: '902ff0ad3407a8370b25e38ab4216ab2') in 0.046901 seconds 
========================================================================
Received Import Request.
  Time since last request: 2.760747 seconds.
  path: Assets/nivelobstacole/tiles/woodtile.prefab
  artifactKey: Guid(8a2fa5e9b1198e940afba7a08b3d9085) Importer(815301076,1909f56bfc062723c751e8b465ee728b)
Start importing Assets/nivelobstacole/tiles/woodtile.prefab using Guid(8a2fa5e9b1198e940afba7a08b3d9085) Importer(815301076,1909f56bfc062723c751e8b465ee728b)  -> (artifact id: '1cc218b9a1e95e3e1d38ef68dc7707a9') in 0.049658 seconds 
========================================================================
Received Import Request.
  Time since last request: 2.971167 seconds.
  path: Assets/nivelobstacole/tiles/woodtile.prefab
  artifactKey: Guid(8a2fa5e9b1198e940afba7a08b3d9085) Importer(815301076,1909f56bfc062723c751e8b465ee728b)
Start importing Assets/nivelobstacole/tiles/woodtile.prefab using Guid(8a2fa5e9b1198e940afba7a08b3d9085) Importer(815301076,1909f56bfc062723c751e8b465ee728b)  -> (artifact id: '2358fe43bd2127083308ea5e39104abe') in 0.104364 seconds 
========================================================================
Received Import Request.
  Time since last request: 3.064432 seconds.
  path: Assets/nivelobstacole/tiles/woodtile.prefab
  artifactKey: Guid(8a2fa5e9b1198e940afba7a08b3d9085) Importer(815301076,1909f56bfc062723c751e8b465ee728b)
Start importing Assets/nivelobstacole/tiles/woodtile.prefab using Guid(8a2fa5e9b1198e940afba7a08b3d9085) Importer(815301076,1909f56bfc062723c751e8b465ee728b)  -> (artifact id: 'df9bd0acdbade16913e4c60d8dd6bb6a') in 0.078480 seconds 
========================================================================
Received Import Request.
  Time since last request: 6.946736 seconds.
  path: Assets/nivelobstacole/tiles/woodtile.prefab
  artifactKey: Guid(8a2fa5e9b1198e940afba7a08b3d9085) Importer(815301076,1909f56bfc062723c751e8b465ee728b)
Start importing Assets/nivelobstacole/tiles/woodtile.prefab using Guid(8a2fa5e9b1198e940afba7a08b3d9085) Importer(815301076,1909f56bfc062723c751e8b465ee728b)  -> (artifact id: 'cad4a7fa40f732d95c7f6d1ba2227b66') in 0.045127 seconds 
========================================================================
Received Import Request.
  Time since last request: 2.850783 seconds.
  path: Assets/nivelobstacole/tiles/woodtile.prefab
  artifactKey: Guid(8a2fa5e9b1198e940afba7a08b3d9085) Importer(815301076,1909f56bfc062723c751e8b465ee728b)
Start importing Assets/nivelobstacole/tiles/woodtile.prefab using Guid(8a2fa5e9b1198e940afba7a08b3d9085) Importer(815301076,1909f56bfc062723c751e8b465ee728b)  -> (artifact id: '0deec658230c944fe0a849f3e85cf1f3') in 0.050859 seconds 
========================================================================
Received Import Request.
  Time since last request: 1.709611 seconds.
  path: Assets/nivelobstacole/tiles/woodtile.prefab
  artifactKey: Guid(8a2fa5e9b1198e940afba7a08b3d9085) Importer(815301076,1909f56bfc062723c751e8b465ee728b)
Start importing Assets/nivelobstacole/tiles/woodtile.prefab using Guid(8a2fa5e9b1198e940afba7a08b3d9085) Importer(815301076,1909f56bfc062723c751e8b465ee728b)  -> (artifact id: 'a71f4fb75d68267437f006aa78234e9f') in 0.052411 seconds 
========================================================================
Received Import Request.
  Time since last request: 1.964628 seconds.
  path: Assets/nivelobstacole/tiles/woodtile.prefab
  artifactKey: Guid(8a2fa5e9b1198e940afba7a08b3d9085) Importer(815301076,1909f56bfc062723c751e8b465ee728b)
Start importing Assets/nivelobstacole/tiles/woodtile.prefab using Guid(8a2fa5e9b1198e940afba7a08b3d9085) Importer(815301076,1909f56bfc062723c751e8b465ee728b)  -> (artifact id: 'a6547a43675f39e2fab0c27011920845') in 0.051468 seconds 
========================================================================
Received Import Request.
  Time since last request: 17.701077 seconds.
  path: Assets/nivelobstacole/tiles/peretespate.prefab
  artifactKey: Guid(d37f38eccca5ab1498fac6b5ecdc6456) Importer(815301076,1909f56bfc062723c751e8b465ee728b)
Start importing Assets/nivelobstacole/tiles/peretespate.prefab using Guid(d37f38eccca5ab1498fac6b5ecdc6456) Importer(815301076,1909f56bfc062723c751e8b465ee728b)  -> (artifact id: '46e335f491bd4c6c53b19a1ad710ac1f') in 0.026431 seconds 
========================================================================
Received Import Request.
  Time since last request: 3225.283919 seconds.
  path: Assets/nivelobstacole/tiles/peretespate/peretespate.png
  artifactKey: Guid(cfb22423de728504b8945b5889e1f981) Importer(815301076,1909f56bfc062723c751e8b465ee728b)
Start importing Assets/nivelobstacole/tiles/peretespate/peretespate.png using Guid(cfb22423de728504b8945b5889e1f981) Importer(815301076,1909f56bfc062723c751e8b465ee728b)  -> (artifact id: 'a0475530bb66d11029f05ee339f915e8') in 0.272010 seconds 
========================================================================
Received Import Request.
  Time since last request: 35.889642 seconds.
  path: Assets/nivelobstacole/tiles/peretespate/peretespate.png
  artifactKey: Guid(cfb22423de728504b8945b5889e1f981) Importer(815301076,1909f56bfc062723c751e8b465ee728b)
Start importing Assets/nivelobstacole/tiles/peretespate/peretespate.png using Guid(cfb22423de728504b8945b5889e1f981) Importer(815301076,1909f56bfc062723c751e8b465ee728b)  -> (artifact id: '47c87f83623f594584f8a22694e90b34') in 0.033355 seconds 
========================================================================
Received Import Request.
  Time since last request: 26.699598 seconds.
  path: Assets/nivelobstacole/tiles/peretespate/peretespate.png
  artifactKey: Guid(cfb22423de728504b8945b5889e1f981) Importer(815301076,1909f56bfc062723c751e8b465ee728b)
Start importing Assets/nivelobstacole/tiles/peretespate/peretespate.png using Guid(cfb22423de728504b8945b5889e1f981) Importer(815301076,1909f56bfc062723c751e8b465ee728b)  -> (artifact id: '4ffc1fb4c09a450f057a6242dc2cd1d1') in 0.216439 seconds 
========================================================================
Received Import Request.
  Time since last request: 46.513466 seconds.
  path: Assets/nivelobstacole/tiles/peretespate/peretespate_0.asset
  artifactKey: Guid(d200a9f560fe68f4ea7c041f8fb8f005) Importer(815301076,1909f56bfc062723c751e8b465ee728b)
Start importing Assets/nivelobstacole/tiles/peretespate/peretespate_0.asset using Guid(d200a9f560fe68f4ea7c041f8fb8f005) Importer(815301076,1909f56bfc062723c751e8b465ee728b)  -> (artifact id: '4b0529574614a5dad99c675b6d6eb06a') in 0.113598 seconds 
========================================================================
Received Import Request.
  Time since last request: 0.051821 seconds.
  path: Assets/nivelobstacole/tiles/peretespate/peretespate_2.asset
  artifactKey: Guid(ca3b71c4b6ed57e4d819f4230f657c2b) Importer(815301076,1909f56bfc062723c751e8b465ee728b)
Start importing Assets/nivelobstacole/tiles/peretespate/peretespate_2.asset using Guid(ca3b71c4b6ed57e4d819f4230f657c2b) Importer(815301076,1909f56bfc062723c751e8b465ee728b)  -> (artifact id: '83492fe9361d145ab3154dc6a795f90d') in 0.054269 seconds 
========================================================================
Received Import Request.
  Time since last request: 0.000087 seconds.
  path: Assets/nivelobstacole/tiles/peretespate/peretespate_9.asset
  artifactKey: Guid(cf9a0058ca84cc145a988b4d7e8b0d79) Importer(815301076,1909f56bfc062723c751e8b465ee728b)
Start importing Assets/nivelobstacole/tiles/peretespate/peretespate_9.asset using Guid(cf9a0058ca84cc145a988b4d7e8b0d79) Importer(815301076,1909f56bfc062723c751e8b465ee728b)  -> (artifact id: 'e3fbc78308177390a678ebca5edc0b40') in 0.137613 seconds 
========================================================================
Received Import Request.
  Time since last request: 0.000059 seconds.
  path: Assets/nivelobstacole/tiles/peretespate/peretespate_20.asset
  artifactKey: Guid(b77382ea5a2e87c42b8ab175d6ebde9a) Importer(815301076,1909f56bfc062723c751e8b465ee728b)
Start importing Assets/nivelobstacole/tiles/peretespate/peretespate_20.asset using Guid(b77382ea5a2e87c42b8ab175d6ebde9a) Importer(815301076,1909f56bfc062723c751e8b465ee728b)  -> (artifact id: 'd8ee69a4a3ad8d2abd87730bd5bcf007') in 0.064717 seconds 
========================================================================
Received Import Request.
  Time since last request: 0.000089 seconds.
  path: Assets/nivelobstacole/tiles/peretespate/peretespate_17.asset
  artifactKey: Guid(b02afcbcc434836489447b738708c3cf) Importer(815301076,1909f56bfc062723c751e8b465ee728b)
Start importing Assets/nivelobstacole/tiles/peretespate/peretespate_17.asset using Guid(b02afcbcc434836489447b738708c3cf) Importer(815301076,1909f56bfc062723c751e8b465ee728b)  -> (artifact id: '5f4312fcf1b1efb74a1630e8c0e314d2') in 0.078886 seconds 
========================================================================
Received Import Request.
  Time since last request: 0.000043 seconds.
  path: Assets/nivelobstacole/tiles/peretespate/peretespate_15.asset
  artifactKey: Guid(b75168d033430f14a89e5371e513eaf2) Importer(815301076,1909f56bfc062723c751e8b465ee728b)
Start importing Assets/nivelobstacole/tiles/peretespate/peretespate_15.asset using Guid(b75168d033430f14a89e5371e513eaf2) Importer(815301076,1909f56bfc062723c751e8b465ee728b)  -> (artifact id: 'ad32f2f5cbb3a519eaa950e12021c283') in 0.098855 seconds 
========================================================================
Received Import Request.
  Time since last request: 0.000081 seconds.
  path: Assets/nivelobstacole/tiles/peretespate/peretespate_11.asset
  artifactKey: Guid(311ef2cc19fa0e74f8ce23fb28764465) Importer(815301076,1909f56bfc062723c751e8b465ee728b)
Start importing Assets/nivelobstacole/tiles/peretespate/peretespate_11.asset using Guid(311ef2cc19fa0e74f8ce23fb28764465) Importer(815301076,1909f56bfc062723c751e8b465ee728b)  -> (artifact id: '4a1e07be69c79e54e06ab4dbb4f013cb') in 0.034123 seconds 
========================================================================
Received Import Request.
  Time since last request: 0.000042 seconds.
  path: Assets/nivelobstacole/tiles/peretespate/peretespate_22.asset
  artifactKey: Guid(517585a2f1db720469f969ab039e334e) Importer(815301076,1909f56bfc062723c751e8b465ee728b)
Start importing Assets/nivelobstacole/tiles/peretespate/peretespate_22.asset using Guid(517585a2f1db720469f969ab039e334e) Importer(815301076,1909f56bfc062723c751e8b465ee728b)  -> (artifact id: '0ec9e4a5cb6f512660bcaff26164f4c2') in 0.039864 seconds 
========================================================================
Received Import Request.
  Time since last request: 0.000098 seconds.
  path: Assets/nivelobstacole/tiles/peretespate/peretespate_21.asset
  artifactKey: Guid(b8998194842ec3d4db2d5af9180e624e) Importer(815301076,1909f56bfc062723c751e8b465ee728b)
Start importing Assets/nivelobstacole/tiles/peretespate/peretespate_21.asset using Guid(b8998194842ec3d4db2d5af9180e624e) Importer(815301076,1909f56bfc062723c751e8b465ee728b)  -> (artifact id: '86996409425b9772ece2a99957aea4a0') in 0.034695 seconds 
========================================================================
Received Import Request.
  Time since last request: 0.000076 seconds.
  path: Assets/nivelobstacole/tiles/peretespate/peretespate_8.asset
  artifactKey: Guid(8b468b5b7feb78142be87de106824856) Importer(815301076,1909f56bfc062723c751e8b465ee728b)
Start importing Assets/nivelobstacole/tiles/peretespate/peretespate_8.asset using Guid(8b468b5b7feb78142be87de106824856) Importer(815301076,1909f56bfc062723c751e8b465ee728b)  -> (artifact id: '4bf8a7a18ac369d0369bcb698174f243') in 0.025895 seconds 
========================================================================
Received Import Request.
  Time since last request: 0.000059 seconds.
  path: Assets/nivelobstacole/tiles/peretespate/peretespate_16.asset
  artifactKey: Guid(3de6d4edab36cb847bbc9340977428fe) Importer(815301076,1909f56bfc062723c751e8b465ee728b)
Start importing Assets/nivelobstacole/tiles/peretespate/peretespate_16.asset using Guid(3de6d4edab36cb847bbc9340977428fe) Importer(815301076,1909f56bfc062723c751e8b465ee728b)  -> (artifact id: 'bb70cec1108d6877bb933d3304185850') in 0.035014 seconds 
========================================================================
Received Import Request.
  Time since last request: 0.000039 seconds.
  path: Assets/nivelobstacole/tiles/peretespate/peretespate_7.asset
  artifactKey: Guid(7a0093af679c76742bea581fc80a9fe1) Importer(815301076,1909f56bfc062723c751e8b465ee728b)
Start importing Assets/nivelobstacole/tiles/peretespate/peretespate_7.asset using Guid(7a0093af679c76742bea581fc80a9fe1) Importer(815301076,1909f56bfc062723c751e8b465ee728b)  -> (artifact id: 'ccc5c6be3426b80c7b2bec634fdfe773') in 0.037277 seconds 
========================================================================
Received Import Request.
  Time since last request: 0.000037 seconds.
  path: Assets/nivelobstacole/tiles/peretespate/peretespate_14.asset
  artifactKey: Guid(6668431fbc4cee34d80d174c4ec5bf46) Importer(815301076,1909f56bfc062723c751e8b465ee728b)
Start importing Assets/nivelobstacole/tiles/peretespate/peretespate_14.asset using Guid(6668431fbc4cee34d80d174c4ec5bf46) Importer(815301076,1909f56bfc062723c751e8b465ee728b)  -> (artifact id: 'a5082db2b6d8992ff8428c584748e844') in 0.032698 seconds 
========================================================================
Received Import Request.
  Time since last request: 0.000105 seconds.
  path: Assets/nivelobstacole/tiles/peretespate/peretespate_24.asset
  artifactKey: Guid(98bae4115469a6a47a00633df692b099) Importer(815301076,1909f56bfc062723c751e8b465ee728b)
Start importing Assets/nivelobstacole/tiles/peretespate/peretespate_24.asset using Guid(98bae4115469a6a47a00633df692b099) Importer(815301076,1909f56bfc062723c751e8b465ee728b)  -> (artifact id: '12ad7d212b234aaa6ea0e70fd0fbc2cb') in 0.048538 seconds 
========================================================================
Received Import Request.
  Time since last request: 0.000080 seconds.
  path: Assets/nivelobstacole/tiles/peretespate/peretespate_25.asset
  artifactKey: Guid(6e6c4869b5a1df54c9ae2c40945d7a17) Importer(815301076,1909f56bfc062723c751e8b465ee728b)
Start importing Assets/nivelobstacole/tiles/peretespate/peretespate_25.asset using Guid(6e6c4869b5a1df54c9ae2c40945d7a17) Importer(815301076,1909f56bfc062723c751e8b465ee728b)  -> (artifact id: '2771f9b2a2b4edea9d0472b6d2adfcf7') in 0.030254 seconds 
========================================================================
Received Import Request.
  Time since last request: 0.000090 seconds.
  path: Assets/nivelobstacole/tiles/peretespate/peretespate_6.asset
  artifactKey: Guid(0e956e23a57c3094b9bb1c33583a83b5) Importer(815301076,1909f56bfc062723c751e8b465ee728b)
Start importing Assets/nivelobstacole/tiles/peretespate/peretespate_6.asset using Guid(0e956e23a57c3094b9bb1c33583a83b5) Importer(815301076,1909f56bfc062723c751e8b465ee728b)  -> (artifact id: '10fcbbce5e5317868db32087d2a798f8') in 0.044284 seconds 
========================================================================
Received Import Request.
  Time since last request: 0.000027 seconds.
  path: Assets/nivelobstacole/tiles/peretespate/peretespate_12.asset
  artifactKey: Guid(af3c32a623c15344482bbf2abfcb88c4) Importer(815301076,1909f56bfc062723c751e8b465ee728b)
Start importing Assets/nivelobstacole/tiles/peretespate/peretespate_12.asset using Guid(af3c32a623c15344482bbf2abfcb88c4) Importer(815301076,1909f56bfc062723c751e8b465ee728b)  -> (artifact id: '559db006544f98deaecbc59b2eed3216') in 0.027475 seconds 
========================================================================
Received Import Request.
  Time since last request: 0.000051 seconds.
  path: Assets/nivelobstacole/tiles/peretespate/peretespate_3.asset
  artifactKey: Guid(9a37b0218636f6846979e4a2d660824f) Importer(815301076,1909f56bfc062723c751e8b465ee728b)
Start importing Assets/nivelobstacole/tiles/peretespate/peretespate_3.asset using Guid(9a37b0218636f6846979e4a2d660824f) Importer(815301076,1909f56bfc062723c751e8b465ee728b)  -> (artifact id: 'acffe8cf7a29861673e6728642a1fe53') in 0.036331 seconds 
========================================================================
Received Import Request.
  Time since last request: 0.000111 seconds.
  path: Assets/nivelobstacole/tiles/peretespate/peretespate_4.asset
  artifactKey: Guid(5d10213c6a07a2f4699ccad280ea78b8) Importer(815301076,1909f56bfc062723c751e8b465ee728b)
Start importing Assets/nivelobstacole/tiles/peretespate/peretespate_4.asset using Guid(5d10213c6a07a2f4699ccad280ea78b8) Importer(815301076,1909f56bfc062723c751e8b465ee728b)  -> (artifact id: 'abbb1c1ccf4fb823e6d2490b19c7371f') in 0.043125 seconds 
========================================================================
Received Import Request.
  Time since last request: 0.000043 seconds.
  path: Assets/nivelobstacole/tiles/peretespate/peretespate_29.asset
  artifactKey: Guid(913f481b35decb74d85d4a011ec4bc2f) Importer(815301076,1909f56bfc062723c751e8b465ee728b)
Start importing Assets/nivelobstacole/tiles/peretespate/peretespate_29.asset using Guid(913f481b35decb74d85d4a011ec4bc2f) Importer(815301076,1909f56bfc062723c751e8b465ee728b)  -> (artifact id: '977023f881cb6a49012d63afa2dbb291') in 0.032525 seconds 
========================================================================
Received Import Request.
  Time since last request: 0.000121 seconds.
  path: Assets/nivelobstacole/tiles/peretespate/peretespate_23.asset
  artifactKey: Guid(affcc3a7130d55c41a3443eb25a53e1d) Importer(815301076,1909f56bfc062723c751e8b465ee728b)
Start importing Assets/nivelobstacole/tiles/peretespate/peretespate_23.asset using Guid(affcc3a7130d55c41a3443eb25a53e1d) Importer(815301076,1909f56bfc062723c751e8b465ee728b)  -> (artifact id: '943fe0fa019f829b1b877872576abd4f') in 0.027824 seconds 
========================================================================
Received Import Request.
  Time since last request: 0.000069 seconds.
  path: Assets/nivelobstacole/tiles/peretespate/peretespate_13.asset
  artifactKey: Guid(d4850e6f1ca5c474aa3d4e962ce02bcc) Importer(815301076,1909f56bfc062723c751e8b465ee728b)
Start importing Assets/nivelobstacole/tiles/peretespate/peretespate_13.asset using Guid(d4850e6f1ca5c474aa3d4e962ce02bcc) Importer(815301076,1909f56bfc062723c751e8b465ee728b)  -> (artifact id: 'f45953b25339888ace867024994afbeb') in 0.030545 seconds 
========================================================================
Received Import Request.
  Time since last request: 0.000035 seconds.
  path: Assets/nivelobstacole/tiles/peretespate/peretespate_28.asset
  artifactKey: Guid(261f101fa09e0494799be6ebc77d35c4) Importer(815301076,1909f56bfc062723c751e8b465ee728b)
Start importing Assets/nivelobstacole/tiles/peretespate/peretespate_28.asset using Guid(261f101fa09e0494799be6ebc77d35c4) Importer(815301076,1909f56bfc062723c751e8b465ee728b)  -> (artifact id: '96f6f883f16d30084c2f794ebeec9d74') in 0.026996 seconds 
========================================================================
Received Import Request.
  Time since last request: 0.000110 seconds.
  path: Assets/nivelobstacole/tiles/peretespate/peretespate_27.asset
  artifactKey: Guid(5e4e3edf587e575408db3bb96c1870dd) Importer(815301076,1909f56bfc062723c751e8b465ee728b)
Start importing Assets/nivelobstacole/tiles/peretespate/peretespate_27.asset using Guid(5e4e3edf587e575408db3bb96c1870dd) Importer(815301076,1909f56bfc062723c751e8b465ee728b)  -> (artifact id: 'ff97095dedf1e149072fa10c6d342f15') in 0.055749 seconds 
========================================================================
Received Import Request.
  Time since last request: 0.000096 seconds.
  path: Assets/nivelobstacole/tiles/peretespate/peretespate_5.asset
  artifactKey: Guid(6dfd23f90c7334f44b03800c51610db2) Importer(815301076,1909f56bfc062723c751e8b465ee728b)
Start importing Assets/nivelobstacole/tiles/peretespate/peretespate_5.asset using Guid(6dfd23f90c7334f44b03800c51610db2) Importer(815301076,1909f56bfc062723c751e8b465ee728b)  -> (artifact id: '25ee55f648c82c39fdfa97830da5e9e3') in 0.035705 seconds 
========================================================================
Received Import Request.
  Time since last request: 479.772363 seconds.
  path: Assets/nivelobstacole/tiles/peretespate/peretespate.png
  artifactKey: Guid(cfb22423de728504b8945b5889e1f981) Importer(815301076,1909f56bfc062723c751e8b465ee728b)
Start importing Assets/nivelobstacole/tiles/peretespate/peretespate.png using Guid(cfb22423de728504b8945b5889e1f981) Importer(815301076,1909f56bfc062723c751e8b465ee728b)  -> (artifact id: 'e0c17ef5bba81571185ec4f35c086034') in 0.230117 seconds 
========================================================================
Received Import Request.
  Time since last request: 0.000064 seconds.
  path: Assets/nivelobstacole/tiles/peretespate/peretespate_11.asset
  artifactKey: Guid(311ef2cc19fa0e74f8ce23fb28764465) Importer(815301076,1909f56bfc062723c751e8b465ee728b)
Start importing Assets/nivelobstacole/tiles/peretespate/peretespate_11.asset using Guid(311ef2cc19fa0e74f8ce23fb28764465) Importer(815301076,1909f56bfc062723c751e8b465ee728b)  -> (artifact id: '9b196a909ce641a1c5f35744934be6c3') in 0.015183 seconds 
========================================================================
Received Import Request.
  Time since last request: 0.000101 seconds.
  path: Assets/nivelobstacole/tiles/peretespate/peretespate_21.asset
  artifactKey: Guid(b8998194842ec3d4db2d5af9180e624e) Importer(815301076,1909f56bfc062723c751e8b465ee728b)
Start importing Assets/nivelobstacole/tiles/peretespate/peretespate_21.asset using Guid(b8998194842ec3d4db2d5af9180e624e) Importer(815301076,1909f56bfc062723c751e8b465ee728b)  -> (artifact id: '5d6b25cdf02d684464c7a8f3e2e3ca99') in 0.018011 seconds 
========================================================================
Received Import Request.
  Time since last request: 0.000079 seconds.
  path: Assets/nivelobstacole/tiles/peretespate/peretespate_16.asset
  artifactKey: Guid(3de6d4edab36cb847bbc9340977428fe) Importer(815301076,1909f56bfc062723c751e8b465ee728b)
Start importing Assets/nivelobstacole/tiles/peretespate/peretespate_16.asset using Guid(3de6d4edab36cb847bbc9340977428fe) Importer(815301076,1909f56bfc062723c751e8b465ee728b)  -> (artifact id: 'ab691e7adb32a4ece55c28059085bd57') in 0.015247 seconds 
========================================================================
Received Import Request.
  Time since last request: 0.000060 seconds.
  path: Assets/nivelobstacole/tiles/peretespate/peretespate_14.asset
  artifactKey: Guid(6668431fbc4cee34d80d174c4ec5bf46) Importer(815301076,1909f56bfc062723c751e8b465ee728b)
Start importing Assets/nivelobstacole/tiles/peretespate/peretespate_14.asset using Guid(6668431fbc4cee34d80d174c4ec5bf46) Importer(815301076,1909f56bfc062723c751e8b465ee728b)  -> (artifact id: '8c7e5d47ad486bc209248ff6ff739071') in 0.021905 seconds 
========================================================================
Received Import Request.
  Time since last request: 0.000052 seconds.
  path: Assets/nivelobstacole/tiles/peretespate/peretespate_2.asset
  artifactKey: Guid(ca3b71c4b6ed57e4d819f4230f657c2b) Importer(815301076,1909f56bfc062723c751e8b465ee728b)
Start importing Assets/nivelobstacole/tiles/peretespate/peretespate_2.asset using Guid(ca3b71c4b6ed57e4d819f4230f657c2b) Importer(815301076,1909f56bfc062723c751e8b465ee728b)  -> (artifact id: '9762e15056c78a960fab2d16c1a44bb7') in 0.015135 seconds 
========================================================================
Received Import Request.
  Time since last request: 0.000025 seconds.
  path: Assets/nivelobstacole/tiles/peretespate/peretespate_12.asset
  artifactKey: Guid(af3c32a623c15344482bbf2abfcb88c4) Importer(815301076,1909f56bfc062723c751e8b465ee728b)
Start importing Assets/nivelobstacole/tiles/peretespate/peretespate_12.asset using Guid(af3c32a623c15344482bbf2abfcb88c4) Importer(815301076,1909f56bfc062723c751e8b465ee728b)  -> (artifact id: '6da05bfd7b03fce65532980627f02625') in 0.014617 seconds 
========================================================================
Received Import Request.
  Time since last request: 0.000040 seconds.
  path: Assets/nivelobstacole/tiles/peretespate/peretespate_3.asset
  artifactKey: Guid(9a37b0218636f6846979e4a2d660824f) Importer(815301076,1909f56bfc062723c751e8b465ee728b)
Start importing Assets/nivelobstacole/tiles/peretespate/peretespate_3.asset using Guid(9a37b0218636f6846979e4a2d660824f) Importer(815301076,1909f56bfc062723c751e8b465ee728b)  -> (artifact id: '9dc10f64b1d40775402dfd8a17aeaee5') in 0.016967 seconds 
========================================================================
Received Import Request.
  Time since last request: 0.000030 seconds.
  path: Assets/nivelobstacole/tiles/peretespate/peretespate_10.asset
  artifactKey: Guid(12bf4ee26159d1b4583cea544c06e9b9) Importer(815301076,1909f56bfc062723c751e8b465ee728b)
Start importing Assets/nivelobstacole/tiles/peretespate/peretespate_10.asset using Guid(12bf4ee26159d1b4583cea544c06e9b9) Importer(815301076,1909f56bfc062723c751e8b465ee728b)  -> (artifact id: '163521872ab9f59991065688f8c53fd3') in 0.028830 seconds 
========================================================================
Received Import Request.
  Time since last request: 0.000029 seconds.
  path: Assets/nivelobstacole/tiles/peretespate/peretespate_23.asset
  artifactKey: Guid(affcc3a7130d55c41a3443eb25a53e1d) Importer(815301076,1909f56bfc062723c751e8b465ee728b)
Start importing Assets/nivelobstacole/tiles/peretespate/peretespate_23.asset using Guid(affcc3a7130d55c41a3443eb25a53e1d) Importer(815301076,1909f56bfc062723c751e8b465ee728b)  -> (artifact id: 'f36b55e7dfc31887ac53c4db9f22302a') in 0.025051 seconds 
========================================================================
Received Import Request.
  Time since last request: 0.000033 seconds.
  path: Assets/nivelobstacole/tiles/peretespate/peretespate_13.asset
  artifactKey: Guid(d4850e6f1ca5c474aa3d4e962ce02bcc) Importer(815301076,1909f56bfc062723c751e8b465ee728b)
Start importing Assets/nivelobstacole/tiles/peretespate/peretespate_13.asset using Guid(d4850e6f1ca5c474aa3d4e962ce02bcc) Importer(815301076,1909f56bfc062723c751e8b465ee728b)  -> (artifact id: '1b93e59b707ba8d1901f2130967a6784') in 0.013021 seconds 
========================================================================
Received Import Request.
  Time since last request: 0.000063 seconds.
  path: Assets/nivelobstacole/tiles/peretespate/peretespate_0.asset
  artifactKey: Guid(d200a9f560fe68f4ea7c041f8fb8f005) Importer(815301076,1909f56bfc062723c751e8b465ee728b)
Start importing Assets/nivelobstacole/tiles/peretespate/peretespate_0.asset using Guid(d200a9f560fe68f4ea7c041f8fb8f005) Importer(815301076,1909f56bfc062723c751e8b465ee728b)  -> (artifact id: '80602fb1bc155f335abc2d4d217da113') in 0.014574 seconds 
========================================================================
Received Import Request.
  Time since last request: 0.000037 seconds.
  path: Assets/nivelobstacole/tiles/peretespate/peretespate_26.asset
  artifactKey: Guid(52a95ce63edd063439702f7f6fc0ab5f) Importer(815301076,1909f56bfc062723c751e8b465ee728b)
Start importing Assets/nivelobstacole/tiles/peretespate/peretespate_26.asset using Guid(52a95ce63edd063439702f7f6fc0ab5f) Importer(815301076,1909f56bfc062723c751e8b465ee728b)  -> (artifact id: '8bf99b0595cbf5f261238f4ec5d195a5') in 0.026576 seconds 
========================================================================
Received Import Request.
  Time since last request: 0.000032 seconds.
  path: Assets/nivelobstacole/tiles/peretespate/peretespate_18.asset
  artifactKey: Guid(93e4c8a271eefe548b0d2b17851dd273) Importer(815301076,1909f56bfc062723c751e8b465ee728b)
Start importing Assets/nivelobstacole/tiles/peretespate/peretespate_18.asset using Guid(93e4c8a271eefe548b0d2b17851dd273) Importer(815301076,1909f56bfc062723c751e8b465ee728b)  -> (artifact id: 'a9841b52d2972c07738421d37b81f2b2') in 0.034228 seconds 
Editor requested this worker to shutdown with reason: Scaling down because of idle timeout
AssetImportWorker is now disconnected from the server
Process exiting
Exiting without the bug reporter. Application will terminate with return code 0