Using pre-set license
Built from '2021.3/staging' branch; Version is '2021.3.20f1 (577897200b8b) revision 5732503'; Using compiler version '192829333'; Build Type 'Release'
OS: 'Windows 10  (10.0.19044) 64bit Professional' Language: 'en' Physical Memory: 8065 MB
BatchMode: 1, IsHumanControllingUs: 0, StartBugReporterOnCrash: 0, Is64bit: 1, IsPro: 1

COMMAND LINE ARGUMENTS:
E:\Tu\unity\2021.3.20f1\Editor\Unity.exe
-adb2
-batchMode
-noUpm
-name
AssetImportWorker0
-projectPath
E:/Tu/joc Tu Pa/Joc-Tudor-Paun/Joc tp
-logFile
Logs/AssetImportWorker0.log
-srvPort
59791
Successfully changed project path to: E:/Tu/joc Tu Pa/Joc-Tudor-Paun/Joc tp
E:/Tu/joc Tu Pa/Joc-Tudor-Paun/Joc tp
[UnityMemory] Configuration Parameters - Can be set up in boot.config
    "memorysetup-bucket-allocator-granularity=16"
    "memorysetup-bucket-allocator-bucket-count=8"
    "memorysetup-bucket-allocator-block-size=33554432"
    "memorysetup-bucket-allocator-block-count=8"
    "memorysetup-main-allocator-block-size=16777216"
    "memorysetup-thread-allocator-block-size=16777216"
    "memorysetup-gfx-main-allocator-block-size=16777216"
    "memorysetup-gfx-thread-allocator-block-size=16777216"
    "memorysetup-cache-allocator-block-size=4194304"
    "memorysetup-typetree-allocator-block-size=2097152"
    "memorysetup-profiler-bucket-allocator-granularity=16"
    "memorysetup-profiler-bucket-allocator-bucket-count=8"
    "memorysetup-profiler-bucket-allocator-block-size=33554432"
    "memorysetup-profiler-bucket-allocator-block-count=8"
    "memorysetup-profiler-allocator-block-size=16777216"
    "memorysetup-profiler-editor-allocator-block-size=1048576"
    "memorysetup-temp-allocator-size-main=16777216"
    "memorysetup-job-temp-allocator-block-size=2097152"
    "memorysetup-job-temp-allocator-block-size-background=1048576"
    "memorysetup-job-temp-allocator-reduction-small-platforms=262144"
    "memorysetup-temp-allocator-size-background-worker=32768"
    "memorysetup-temp-allocator-size-job-worker=262144"
    "memorysetup-temp-allocator-size-preload-manager=33554432"
    "memorysetup-temp-allocator-size-nav-mesh-worker=65536"
    "memorysetup-temp-allocator-size-audio-worker=65536"
    "memorysetup-temp-allocator-size-cloud-worker=32768"
    "memorysetup-temp-allocator-size-gi-baking-worker=262144"
    "memorysetup-temp-allocator-size-gfx=262144"
Player connection [23464] Host "[IP] 192.168.0.131 [Port] 0 [Flags] 2 [Guid] 1985515134 [EditorId] 1985515134 [Version] 1048832 [Id] WindowsEditor(7,Pancoa) [Debug] 1 [PackageName] WindowsEditor [ProjectName] Editor" joined multi-casting on [225.0.0.222:54997]...

Player connection [23464] Host "[IP] 192.168.0.131 [Port] 0 [Flags] 2 [Guid] 1985515134 [EditorId] 1985515134 [Version] 1048832 [Id] WindowsEditor(7,Pancoa) [Debug] 1 [PackageName] WindowsEditor [ProjectName] Editor" joined alternative multi-casting on [225.0.0.222:34997]...

Refreshing native plugins compatible for Editor in 95.01 ms, found 3 plugins.
Preloading 0 native plugins for Editor in 0.00 ms.
Initialize engine version: 2021.3.20f1 (577897200b8b)
[Subsystems] Discovering subsystems at path E:/Tu/unity/2021.3.20f1/Editor/Data/Resources/UnitySubsystems
[Subsystems] Discovering subsystems at path E:/Tu/joc Tu Pa/Joc-Tudor-Paun/Joc tp/Assets
GfxDevice: creating device client; threaded=0; jobified=0
Direct3D:
    Version:  Direct3D 11.0 [level 11.1]
    Renderer: NVIDIA GeForce GTX 1050 Ti (ID=0x1c8c)
    Vendor:   NVIDIA
    VRAM:     4018 MB
    Driver:   30.0.14.9729
Initialize mono
Mono path[0] = 'E:/Tu/unity/2021.3.20f1/Editor/Data/Managed'
Mono path[1] = 'E:/Tu/unity/2021.3.20f1/Editor/Data/MonoBleedingEdge/lib/mono/unityjit-win32'
Mono config path = 'E:/Tu/unity/2021.3.20f1/Editor/Data/MonoBleedingEdge/etc'
Using monoOptions --debugger-agent=transport=dt_socket,embedding=1,server=y,suspend=n,address=127.0.0.1:56980
Begin MonoManager ReloadAssembly
Registering precompiled unity dll's ...
Register platform support module: E:/Tu/unity/2021.3.20f1/Editor/Data/PlaybackEngines/WindowsStandaloneSupport/UnityEditor.WindowsStandalone.Extensions.dll
Registered in 0.006515 seconds.
Native extension for WindowsStandalone target not found
Refreshing native plugins compatible for Editor in 42.99 ms, found 3 plugins.
Preloading 0 native plugins for Editor in 0.00 ms.
Mono: successfully reloaded assembly
- Completed reload, in  0.954 seconds
Domain Reload Profiling:
	ReloadAssembly (954ms)
		BeginReloadAssembly (217ms)
			ExecutionOrderSort (0ms)
			DisableScriptedObjects (0ms)
			BackupInstance (0ms)
			ReleaseScriptingObjects (0ms)
			CreateAndSetChildDomain (3ms)
		EndReloadAssembly (621ms)
			LoadAssemblies (203ms)
			RebuildTransferFunctionScriptingTraits (1ms)
			SetupTypeCache (182ms)
			ReleaseScriptCaches (0ms)
			RebuildScriptCaches (37ms)
			SetupLoadedEditorAssemblies (338ms)
				LogAssemblyErrors (0ms)
				InitializePlatformSupportModulesInManaged (8ms)
				SetLoadedEditorAssemblies (0ms)
				RefreshPlugins (43ms)
				BeforeProcessingInitializeOnLoad (1ms)
				ProcessInitializeOnLoadAttributes (221ms)
				ProcessInitializeOnLoadMethodAttributes (64ms)
				AfterProcessingInitializeOnLoad (0ms)
				EditorAssembliesLoaded (0ms)
			ExecutionOrderSort2 (0ms)
			AwakeInstancesAfterBackupRestoration (0ms)
Platform modules already initialized, skipping
Registering precompiled user dll's ...
Registered in 0.016404 seconds.
Begin MonoManager ReloadAssembly
Native extension for WindowsStandalone target not found
Refreshing native plugins compatible for Editor in 81.77 ms, found 3 plugins.
Preloading 0 native plugins for Editor in 0.00 ms.
Mono: successfully reloaded assembly
- Completed reload, in  2.220 seconds
Domain Reload Profiling:
	ReloadAssembly (2222ms)
		BeginReloadAssembly (191ms)
			ExecutionOrderSort (0ms)
			DisableScriptedObjects (6ms)
			BackupInstance (0ms)
			ReleaseScriptingObjects (0ms)
			CreateAndSetChildDomain (33ms)
		EndReloadAssembly (1899ms)
			LoadAssemblies (197ms)
			RebuildTransferFunctionScriptingTraits (0ms)
			SetupTypeCache (248ms)
			ReleaseScriptCaches (2ms)
			RebuildScriptCaches (210ms)
			SetupLoadedEditorAssemblies (934ms)
				LogAssemblyErrors (0ms)
				InitializePlatformSupportModulesInManaged (14ms)
				SetLoadedEditorAssemblies (0ms)
				RefreshPlugins (82ms)
				BeforeProcessingInitializeOnLoad (106ms)
				ProcessInitializeOnLoadAttributes (548ms)
				ProcessInitializeOnLoadMethodAttributes (177ms)
				AfterProcessingInitializeOnLoad (6ms)
				EditorAssembliesLoaded (0ms)
			ExecutionOrderSort2 (0ms)
			AwakeInstancesAfterBackupRestoration (14ms)
Platform modules already initialized, skipping
========================================================================
Worker process is ready to serve import requests
Launched and connected shader compiler UnityShaderCompiler.exe after 0.16 seconds
Refreshing native plugins compatible for Editor in 5.31 ms, found 3 plugins.
Preloading 0 native plugins for Editor in 0.00 ms.
Unloading 2152 Unused Serialized files (Serialized files now loaded: 0)
Unloading 30 unused Assets / (56.2 KB). Loaded Objects now: 2617.
Memory consumption went from 100.7 MB to 100.7 MB.
Total: 7.067500 ms (FindLiveObjects: 0.635300 ms CreateObjectMapping: 0.278900 ms MarkObjects: 5.913400 ms  DeleteObjects: 0.235900 ms)

AssetImportParameters requested are different than current active one (requested -> active):
  custom:video-decoder-ogg-theora: a1e56fd34408186e4bbccfd4996cb3dc -> 
  custom:container-muxer-webm: aa71ff27fc2769a1b78a27578f13a17b -> 
  custom:container-demuxer-webm: 4f35f7cbe854078d1ac9338744f61a02 -> 
  custom:video-encoder-webm-vp8: eb34c28f22e8b96e1ab97ce403110664 -> 
  custom:audio-encoder-webm-vorbis: bf7c407c2cedff20999df2af8eb42d56 -> 
  custom:framework-win-MediaFoundation: 216162199b28c13a410421893ffa2e32 -> 
  custom:container-demuxer-ogg: 62fdf1f143b41e24485cea50d1cbac27 -> 
  custom:video-decoder-webm-vp8: 9c59270c3fd7afecdb556c50c9e8de78 -> 
  custom:audio-decoder-ogg-vorbis: bf7c407c2cedff20999df2af8eb42d56 -> 
========================================================================
Received Import Request.
  Time since last request: 92551.023109 seconds.
  path: Assets/Keye.prefab
  artifactKey: Guid(d611afa78033dc645931caae76101986) Importer(815301076,1909f56bfc062723c751e8b465ee728b)
Start importing Assets/Keye.prefab using Guid(d611afa78033dc645931caae76101986) Importer(815301076,1909f56bfc062723c751e8b465ee728b)  -> (artifact id: 'c96f154bb80ece7a59d76c45f966a4eb') in 0.363884 seconds 
========================================================================
Received Prepare
Registering precompiled user dll's ...
Registered in 0.003649 seconds.
Begin MonoManager ReloadAssembly
Native extension for WindowsStandalone target not found
Refreshing native plugins compatible for Editor in 0.67 ms, found 3 plugins.
Preloading 0 native plugins for Editor in 0.00 ms.
Mono: successfully reloaded assembly
- Completed reload, in  1.546 seconds
Domain Reload Profiling:
	ReloadAssembly (1548ms)
		BeginReloadAssembly (249ms)
			ExecutionOrderSort (0ms)
			DisableScriptedObjects (10ms)
			BackupInstance (0ms)
			ReleaseScriptingObjects (0ms)
			CreateAndSetChildDomain (68ms)
		EndReloadAssembly (1148ms)
			LoadAssemblies (180ms)
			RebuildTransferFunctionScriptingTraits (0ms)
			SetupTypeCache (339ms)
			ReleaseScriptCaches (3ms)
			RebuildScriptCaches (104ms)
			SetupLoadedEditorAssemblies (493ms)
				LogAssemblyErrors (0ms)
				InitializePlatformSupportModulesInManaged (7ms)
				SetLoadedEditorAssemblies (1ms)
				RefreshPlugins (1ms)
				BeforeProcessingInitializeOnLoad (90ms)
				ProcessInitializeOnLoadAttributes (328ms)
				ProcessInitializeOnLoadMethodAttributes (61ms)
				AfterProcessingInitializeOnLoad (5ms)
				EditorAssembliesLoaded (0ms)
			ExecutionOrderSort2 (0ms)
			AwakeInstancesAfterBackupRestoration (16ms)
Platform modules already initialized, skipping
Refreshing native plugins compatible for Editor in 2.66 ms, found 3 plugins.
Preloading 0 native plugins for Editor in 0.00 ms.
Unloading 2142 Unused Serialized files (Serialized files now loaded: 0)
Unloading 17 unused Assets / (31.7 KB). Loaded Objects now: 2621.
Memory consumption went from 100.0 MB to 99.9 MB.
Total: 4.249600 ms (FindLiveObjects: 0.199000 ms CreateObjectMapping: 0.092700 ms MarkObjects: 3.850700 ms  DeleteObjects: 0.105100 ms)

AssetImportParameters requested are different than current active one (requested -> active):
  custom:video-decoder-ogg-theora: a1e56fd34408186e4bbccfd4996cb3dc -> 
  custom:container-muxer-webm: aa71ff27fc2769a1b78a27578f13a17b -> 
  custom:container-demuxer-webm: 4f35f7cbe854078d1ac9338744f61a02 -> 
  custom:video-encoder-webm-vp8: eb34c28f22e8b96e1ab97ce403110664 -> 
  custom:audio-encoder-webm-vorbis: bf7c407c2cedff20999df2af8eb42d56 -> 
  custom:framework-win-MediaFoundation: 216162199b28c13a410421893ffa2e32 -> 
  custom:container-demuxer-ogg: 62fdf1f143b41e24485cea50d1cbac27 -> 
  custom:video-decoder-webm-vp8: 9c59270c3fd7afecdb556c50c9e8de78 -> 
  custom:audio-decoder-ogg-vorbis: bf7c407c2cedff20999df2af8eb42d56 -> 
========================================================================
Received Import Request.
  Time since last request: 79.901636 seconds.
  path: Assets/nivelobstacole
  artifactKey: Guid(e8eb648e4c02a284faad1b2db3a98360) Importer(815301076,1909f56bfc062723c751e8b465ee728b)
Start importing Assets/nivelobstacole using Guid(e8eb648e4c02a284faad1b2db3a98360) Importer(815301076,1909f56bfc062723c751e8b465ee728b)  -> (artifact id: '4c06c9a308e104b88e8c3a8b9960f072') in 0.009227 seconds 
========================================================================
Received Import Request.
  Time since last request: 2.085541 seconds.
  path: Assets/nivelobstacole/tiles
  artifactKey: Guid(9cf88fb6df293164bb43256f12b5af31) Importer(815301076,1909f56bfc062723c751e8b465ee728b)
Start importing Assets/nivelobstacole/tiles using Guid(9cf88fb6df293164bb43256f12b5af31) Importer(815301076,1909f56bfc062723c751e8b465ee728b)  -> (artifact id: 'bccb659ad4f981c032bdfcce1ff77cf2') in 0.008846 seconds 
========================================================================
Received Import Request.
  Time since last request: 0.043487 seconds.
  path: Assets/nivelobstacole/tiles/sprite atlas.spriteatlas
  artifactKey: Guid(fa7a76f2660437e4c8da45b8845e43aa) Importer(815301076,1909f56bfc062723c751e8b465ee728b)
Start importing Assets/nivelobstacole/tiles/sprite atlas.spriteatlas using Guid(fa7a76f2660437e4c8da45b8845e43aa) Importer(815301076,1909f56bfc062723c751e8b465ee728b)  -> (artifact id: '57adeb0d5d1b18c709f316a3a7bb88e6') in 0.022823 seconds 
========================================================================
Received Import Request.
  Time since last request: 0.000039 seconds.
  path: Assets/nivelobstacole/tiles/wood tiles_3.asset
  artifactKey: Guid(30eec1609352d784fbf43ad409d208e7) Importer(815301076,1909f56bfc062723c751e8b465ee728b)
Start importing Assets/nivelobstacole/tiles/wood tiles_3.asset using Guid(30eec1609352d784fbf43ad409d208e7) Importer(815301076,1909f56bfc062723c751e8b465ee728b)  -> (artifact id: '9f3603343e2428b1d2026fa89d4b16a2') in 0.077076 seconds 
========================================================================
Received Import Request.
  Time since last request: 0.000046 seconds.
  path: Assets/nivelobstacole/tiles/wood tiles_14.asset
  artifactKey: Guid(d84daf52675508b4ea7cfa750f71772d) Importer(815301076,1909f56bfc062723c751e8b465ee728b)
Start importing Assets/nivelobstacole/tiles/wood tiles_14.asset using Guid(d84daf52675508b4ea7cfa750f71772d) Importer(815301076,1909f56bfc062723c751e8b465ee728b)  -> (artifact id: '7e7ff1c5503ceaf86d9b67df0e80d7df') in 0.031246 seconds 
========================================================================
Received Import Request.
  Time since last request: 0.000077 seconds.
  path: Assets/nivelobstacole/tiles/wood tiles_7.asset
  artifactKey: Guid(b72694e75531c9f46af32a6c74074925) Importer(815301076,1909f56bfc062723c751e8b465ee728b)
Start importing Assets/nivelobstacole/tiles/wood tiles_7.asset using Guid(b72694e75531c9f46af32a6c74074925) Importer(815301076,1909f56bfc062723c751e8b465ee728b)  -> (artifact id: 'e5f6ca48f926582bb3235026c1fefe2d') in 0.027435 seconds 
========================================================================
Received Import Request.
  Time since last request: 0.000081 seconds.
  path: Assets/nivelobstacole/tiles/wood tiles_4.asset
  artifactKey: Guid(188c025eb8aa4fc43af17abd2ffdf57d) Importer(815301076,1909f56bfc062723c751e8b465ee728b)
Start importing Assets/nivelobstacole/tiles/wood tiles_4.asset using Guid(188c025eb8aa4fc43af17abd2ffdf57d) Importer(815301076,1909f56bfc062723c751e8b465ee728b)  -> (artifact id: '177faa37e2c4b5f342ffd39e8ec836c7') in 0.024159 seconds 
========================================================================
Received Import Request.
  Time since last request: 0.000095 seconds.
  path: Assets/nivelobstacole/tiles/wood tiles_5.asset
  artifactKey: Guid(8cf0874514d9bff488d1532e402b64d1) Importer(815301076,1909f56bfc062723c751e8b465ee728b)
Start importing Assets/nivelobstacole/tiles/wood tiles_5.asset using Guid(8cf0874514d9bff488d1532e402b64d1) Importer(815301076,1909f56bfc062723c751e8b465ee728b)  -> (artifact id: '82b32017c2d72e789bea75e10f12ce93') in 0.025861 seconds 
========================================================================
Received Import Request.
  Time since last request: 0.000038 seconds.
  path: Assets/nivelobstacole/tiles/wood tiles_11.asset
  artifactKey: Guid(7aec916a9501fa74780211156a627ae3) Importer(815301076,1909f56bfc062723c751e8b465ee728b)
Start importing Assets/nivelobstacole/tiles/wood tiles_11.asset using Guid(7aec916a9501fa74780211156a627ae3) Importer(815301076,1909f56bfc062723c751e8b465ee728b)  -> (artifact id: 'a11e38dc77c17a4c11649c0522efe25b') in 0.021759 seconds 
========================================================================
Received Import Request.
  Time since last request: 0.000037 seconds.
  path: Assets/nivelobstacole/tiles/wood tiles_16.asset
  artifactKey: Guid(181fcfa668556a246965911ec5a61277) Importer(815301076,1909f56bfc062723c751e8b465ee728b)
Start importing Assets/nivelobstacole/tiles/wood tiles_16.asset using Guid(181fcfa668556a246965911ec5a61277) Importer(815301076,1909f56bfc062723c751e8b465ee728b)  -> (artifact id: 'd7ef385d42cdc86819d928b037109710') in 0.022102 seconds 
========================================================================
Received Import Request.
  Time since last request: 0.000041 seconds.
  path: Assets/nivelobstacole/tiles/wood tiles_8.asset
  artifactKey: Guid(3db503c764bcaea4d8867fc56682156c) Importer(815301076,1909f56bfc062723c751e8b465ee728b)
Start importing Assets/nivelobstacole/tiles/wood tiles_8.asset using Guid(3db503c764bcaea4d8867fc56682156c) Importer(815301076,1909f56bfc062723c751e8b465ee728b)  -> (artifact id: 'f3c539a7ac9f2cb1a2ad37e10f0e416c') in 0.018392 seconds 
========================================================================
Received Import Request.
  Time since last request: 0.000028 seconds.
  path: Assets/nivelobstacole/tiles/wood tiles_1.asset
  artifactKey: Guid(5ce31ec26c6cb04429d8443852a288a1) Importer(815301076,1909f56bfc062723c751e8b465ee728b)
Start importing Assets/nivelobstacole/tiles/wood tiles_1.asset using Guid(5ce31ec26c6cb04429d8443852a288a1) Importer(815301076,1909f56bfc062723c751e8b465ee728b)  -> (artifact id: 'b1858cec9a42c0e006ba5e0976137a5b') in 0.019618 seconds 
========================================================================
Received Import Request.
  Time since last request: 0.000052 seconds.
  path: Assets/nivelobstacole/tiles/wood tiles_17.asset
  artifactKey: Guid(83fd71dbe5082de4f90385518f2ffd2e) Importer(815301076,1909f56bfc062723c751e8b465ee728b)
Start importing Assets/nivelobstacole/tiles/wood tiles_17.asset using Guid(83fd71dbe5082de4f90385518f2ffd2e) Importer(815301076,1909f56bfc062723c751e8b465ee728b)  -> (artifact id: '5ee5bd698b373780974f608896a8edcd') in 0.024568 seconds 
========================================================================
Received Import Request.
  Time since last request: 0.000069 seconds.
  path: Assets/nivelobstacole/tiles/wood tiles_6.asset
  artifactKey: Guid(37e6ea9db908ee745944403cd13e2c7b) Importer(815301076,1909f56bfc062723c751e8b465ee728b)
Start importing Assets/nivelobstacole/tiles/wood tiles_6.asset using Guid(37e6ea9db908ee745944403cd13e2c7b) Importer(815301076,1909f56bfc062723c751e8b465ee728b)  -> (artifact id: '7190042afde16647be8500a5339ae128') in 0.017506 seconds 
========================================================================
Received Import Request.
  Time since last request: 0.000041 seconds.
  path: Assets/nivelobstacole/tiles/wood tiles_15.asset
  artifactKey: Guid(b593d9167594c1744ac167a46b6c8d52) Importer(815301076,1909f56bfc062723c751e8b465ee728b)
Start importing Assets/nivelobstacole/tiles/wood tiles_15.asset using Guid(b593d9167594c1744ac167a46b6c8d52) Importer(815301076,1909f56bfc062723c751e8b465ee728b)  -> (artifact id: 'e912df0fa760ec5df06aa597791b9f55') in 0.020763 seconds 
========================================================================
Received Prepare
Registering precompiled user dll's ...
Registered in 0.003813 seconds.
Begin MonoManager ReloadAssembly
Native extension for WindowsStandalone target not found
Refreshing native plugins compatible for Editor in 1.16 ms, found 3 plugins.
Preloading 0 native plugins for Editor in 0.00 ms.
Mono: successfully reloaded assembly
- Completed reload, in  1.270 seconds
Domain Reload Profiling:
	ReloadAssembly (1271ms)
		BeginReloadAssembly (177ms)
			ExecutionOrderSort (0ms)
			DisableScriptedObjects (9ms)
			BackupInstance (0ms)
			ReleaseScriptingObjects (0ms)
			CreateAndSetChildDomain (40ms)
		EndReloadAssembly (1001ms)
			LoadAssemblies (129ms)
			RebuildTransferFunctionScriptingTraits (0ms)
			SetupTypeCache (224ms)
			ReleaseScriptCaches (1ms)
			RebuildScriptCaches (63ms)
			SetupLoadedEditorAssemblies (528ms)
				LogAssemblyErrors (0ms)
				InitializePlatformSupportModulesInManaged (8ms)
				SetLoadedEditorAssemblies (1ms)
				RefreshPlugins (1ms)
				BeforeProcessingInitializeOnLoad (95ms)
				ProcessInitializeOnLoadAttributes (361ms)
				ProcessInitializeOnLoadMethodAttributes (59ms)
				AfterProcessingInitializeOnLoad (4ms)
				EditorAssembliesLoaded (0ms)
			ExecutionOrderSort2 (0ms)
			AwakeInstancesAfterBackupRestoration (14ms)
Platform modules already initialized, skipping
Refreshing native plugins compatible for Editor in 2.36 ms, found 3 plugins.
Preloading 0 native plugins for Editor in 0.00 ms.
Unloading 2142 Unused Serialized files (Serialized files now loaded: 0)
Unloading 18 unused Assets / (31.7 KB). Loaded Objects now: 2626.
Memory consumption went from 100.0 MB to 100.0 MB.
Total: 5.300800 ms (FindLiveObjects: 0.613400 ms CreateObjectMapping: 0.295400 ms MarkObjects: 4.358700 ms  DeleteObjects: 0.031300 ms)

AssetImportParameters requested are different than current active one (requested -> active):
  custom:video-decoder-ogg-theora: a1e56fd34408186e4bbccfd4996cb3dc -> 
  custom:container-muxer-webm: aa71ff27fc2769a1b78a27578f13a17b -> 
  custom:container-demuxer-webm: 4f35f7cbe854078d1ac9338744f61a02 -> 
  custom:video-encoder-webm-vp8: eb34c28f22e8b96e1ab97ce403110664 -> 
  custom:audio-encoder-webm-vorbis: bf7c407c2cedff20999df2af8eb42d56 -> 
  custom:framework-win-MediaFoundation: 216162199b28c13a410421893ffa2e32 -> 
  custom:container-demuxer-ogg: 62fdf1f143b41e24485cea50d1cbac27 -> 
  custom:video-decoder-webm-vp8: 9c59270c3fd7afecdb556c50c9e8de78 -> 
  custom:audio-decoder-ogg-vorbis: bf7c407c2cedff20999df2af8eb42d56 -> 
========================================================================
Received Import Request.
  Time since last request: 75.651595 seconds.
  path: Assets/sprites/obstacol tragere/switch off.png
  artifactKey: Guid(12ac3deed0f26cf46bb2f415ad4299e9) Importer(815301076,1909f56bfc062723c751e8b465ee728b)
Start importing Assets/sprites/obstacol tragere/switch off.png using Guid(12ac3deed0f26cf46bb2f415ad4299e9) Importer(815301076,1909f56bfc062723c751e8b465ee728b)  -> (artifact id: '4cf92e5ce13dd5450241d8b5396aceb6') in 0.193184 seconds 
========================================================================
Received Import Request.
  Time since last request: 193.810486 seconds.
  path: Assets/nivelobstacole/tiles/sprite atlas.spriteatlas
  artifactKey: Guid(fa7a76f2660437e4c8da45b8845e43aa) Importer(815301076,1909f56bfc062723c751e8b465ee728b)
Start importing Assets/nivelobstacole/tiles/sprite atlas.spriteatlas using Guid(fa7a76f2660437e4c8da45b8845e43aa) Importer(815301076,1909f56bfc062723c751e8b465ee728b)  -> (artifact id: '9595d9bcc651ad44ae51479c52923c71') in 0.003768 seconds 
========================================================================
Received Prepare
Registering precompiled user dll's ...
Registered in 0.005540 seconds.
Begin MonoManager ReloadAssembly
Native extension for WindowsStandalone target not found
Refreshing native plugins compatible for Editor in 0.68 ms, found 3 plugins.
Preloading 0 native plugins for Editor in 0.00 ms.
Mono: successfully reloaded assembly
- Completed reload, in  1.393 seconds
Domain Reload Profiling:
	ReloadAssembly (1394ms)
		BeginReloadAssembly (220ms)
			ExecutionOrderSort (0ms)
			DisableScriptedObjects (11ms)
			BackupInstance (0ms)
			ReleaseScriptingObjects (0ms)
			CreateAndSetChildDomain (57ms)
		EndReloadAssembly (1030ms)
			LoadAssemblies (154ms)
			RebuildTransferFunctionScriptingTraits (0ms)
			SetupTypeCache (309ms)
			ReleaseScriptCaches (2ms)
			RebuildScriptCaches (82ms)
			SetupLoadedEditorAssemblies (454ms)
				LogAssemblyErrors (0ms)
				InitializePlatformSupportModulesInManaged (7ms)
				SetLoadedEditorAssemblies (1ms)
				RefreshPlugins (1ms)
				BeforeProcessingInitializeOnLoad (81ms)
				ProcessInitializeOnLoadAttributes (302ms)
				ProcessInitializeOnLoadMethodAttributes (59ms)
				AfterProcessingInitializeOnLoad (4ms)
				EditorAssembliesLoaded (0ms)
			ExecutionOrderSort2 (0ms)
			AwakeInstancesAfterBackupRestoration (15ms)
Platform modules already initialized, skipping
Refreshing native plugins compatible for Editor in 2.18 ms, found 3 plugins.
Preloading 0 native plugins for Editor in 0.00 ms.
Unloading 2142 Unused Serialized files (Serialized files now loaded: 0)
Unloading 18 unused Assets / (31.7 KB). Loaded Objects now: 2635.
Memory consumption went from 103.8 MB to 103.8 MB.
Total: 5.163900 ms (FindLiveObjects: 0.323100 ms CreateObjectMapping: 0.180800 ms MarkObjects: 4.610200 ms  DeleteObjects: 0.048400 ms)

AssetImportParameters requested are different than current active one (requested -> active):
  custom:video-decoder-ogg-theora: a1e56fd34408186e4bbccfd4996cb3dc -> 
  custom:container-muxer-webm: aa71ff27fc2769a1b78a27578f13a17b -> 
  custom:container-demuxer-webm: 4f35f7cbe854078d1ac9338744f61a02 -> 
  custom:video-encoder-webm-vp8: eb34c28f22e8b96e1ab97ce403110664 -> 
  custom:audio-encoder-webm-vorbis: bf7c407c2cedff20999df2af8eb42d56 -> 
  custom:framework-win-MediaFoundation: 216162199b28c13a410421893ffa2e32 -> 
  custom:container-demuxer-ogg: 62fdf1f143b41e24485cea50d1cbac27 -> 
  custom:video-decoder-webm-vp8: 9c59270c3fd7afecdb556c50c9e8de78 -> 
  custom:audio-decoder-ogg-vorbis: bf7c407c2cedff20999df2af8eb42d56 -> 
========================================================================
Received Prepare
Registering precompiled user dll's ...
Registered in 0.005749 seconds.
Begin MonoManager ReloadAssembly
Native extension for WindowsStandalone target not found
Refreshing native plugins compatible for Editor in 0.44 ms, found 3 plugins.
Preloading 0 native plugins for Editor in 0.00 ms.
Mono: successfully reloaded assembly
- Completed reload, in  1.115 seconds
Domain Reload Profiling:
	ReloadAssembly (1116ms)
		BeginReloadAssembly (152ms)
			ExecutionOrderSort (0ms)
			DisableScriptedObjects (8ms)
			BackupInstance (0ms)
			ReleaseScriptingObjects (0ms)
			CreateAndSetChildDomain (36ms)
		EndReloadAssembly (870ms)
			LoadAssemblies (102ms)
			RebuildTransferFunctionScriptingTraits (0ms)
			SetupTypeCache (210ms)
			ReleaseScriptCaches (1ms)
			RebuildScriptCaches (62ms)
			SetupLoadedEditorAssemblies (457ms)
				LogAssemblyErrors (0ms)
				InitializePlatformSupportModulesInManaged (5ms)
				SetLoadedEditorAssemblies (1ms)
				RefreshPlugins (1ms)
				BeforeProcessingInitializeOnLoad (60ms)
				ProcessInitializeOnLoadAttributes (328ms)
				ProcessInitializeOnLoadMethodAttributes (58ms)
				AfterProcessingInitializeOnLoad (5ms)
				EditorAssembliesLoaded (0ms)
			ExecutionOrderSort2 (0ms)
			AwakeInstancesAfterBackupRestoration (14ms)
Platform modules already initialized, skipping
Refreshing native plugins compatible for Editor in 2.35 ms, found 3 plugins.
Preloading 0 native plugins for Editor in 0.00 ms.
Unloading 2142 Unused Serialized files (Serialized files now loaded: 0)
Unloading 17 unused Assets / (31.7 KB). Loaded Objects now: 2638.
Memory consumption went from 103.8 MB to 103.8 MB.
Total: 4.844700 ms (FindLiveObjects: 0.218400 ms CreateObjectMapping: 0.176600 ms MarkObjects: 4.295900 ms  DeleteObjects: 0.151900 ms)

AssetImportParameters requested are different than current active one (requested -> active):
  custom:video-decoder-ogg-theora: a1e56fd34408186e4bbccfd4996cb3dc -> 
  custom:container-muxer-webm: aa71ff27fc2769a1b78a27578f13a17b -> 
  custom:container-demuxer-webm: 4f35f7cbe854078d1ac9338744f61a02 -> 
  custom:video-encoder-webm-vp8: eb34c28f22e8b96e1ab97ce403110664 -> 
  custom:audio-encoder-webm-vorbis: bf7c407c2cedff20999df2af8eb42d56 -> 
  custom:framework-win-MediaFoundation: 216162199b28c13a410421893ffa2e32 -> 
  custom:container-demuxer-ogg: 62fdf1f143b41e24485cea50d1cbac27 -> 
  custom:video-decoder-webm-vp8: 9c59270c3fd7afecdb556c50c9e8de78 -> 
  custom:audio-decoder-ogg-vorbis: bf7c407c2cedff20999df2af8eb42d56 -> 
========================================================================
Received Prepare
Registering precompiled user dll's ...
Registered in 0.005804 seconds.
Begin MonoManager ReloadAssembly
Native extension for WindowsStandalone target not found
Refreshing native plugins compatible for Editor in 0.76 ms, found 3 plugins.
Preloading 0 native plugins for Editor in 0.00 ms.
Mono: successfully reloaded assembly
- Completed reload, in  1.093 seconds
Domain Reload Profiling:
	ReloadAssembly (1094ms)
		BeginReloadAssembly (140ms)
			ExecutionOrderSort (0ms)
			DisableScriptedObjects (8ms)
			BackupInstance (0ms)
			ReleaseScriptingObjects (0ms)
			CreateAndSetChildDomain (37ms)
		EndReloadAssembly (858ms)
			LoadAssemblies (89ms)
			RebuildTransferFunctionScriptingTraits (0ms)
			SetupTypeCache (210ms)
			ReleaseScriptCaches (1ms)
			RebuildScriptCaches (53ms)
			SetupLoadedEditorAssemblies (423ms)
				LogAssemblyErrors (0ms)
				InitializePlatformSupportModulesInManaged (9ms)
				SetLoadedEditorAssemblies (1ms)
				RefreshPlugins (1ms)
				BeforeProcessingInitializeOnLoad (86ms)
				ProcessInitializeOnLoadAttributes (283ms)
				ProcessInitializeOnLoadMethodAttributes (40ms)
				AfterProcessingInitializeOnLoad (3ms)
				EditorAssembliesLoaded (0ms)
			ExecutionOrderSort2 (0ms)
			AwakeInstancesAfterBackupRestoration (16ms)
Platform modules already initialized, skipping
Refreshing native plugins compatible for Editor in 1.86 ms, found 3 plugins.
Preloading 0 native plugins for Editor in 0.00 ms.
Unloading 2142 Unused Serialized files (Serialized files now loaded: 0)
Unloading 17 unused Assets / (31.8 KB). Loaded Objects now: 2641.
Memory consumption went from 103.7 MB to 103.7 MB.
Total: 2.884800 ms (FindLiveObjects: 0.220700 ms CreateObjectMapping: 0.089300 ms MarkObjects: 2.551400 ms  DeleteObjects: 0.022100 ms)

AssetImportParameters requested are different than current active one (requested -> active):
  custom:video-decoder-ogg-theora: a1e56fd34408186e4bbccfd4996cb3dc -> 
  custom:container-muxer-webm: aa71ff27fc2769a1b78a27578f13a17b -> 
  custom:container-demuxer-webm: 4f35f7cbe854078d1ac9338744f61a02 -> 
  custom:video-encoder-webm-vp8: eb34c28f22e8b96e1ab97ce403110664 -> 
  custom:audio-encoder-webm-vorbis: bf7c407c2cedff20999df2af8eb42d56 -> 
  custom:framework-win-MediaFoundation: 216162199b28c13a410421893ffa2e32 -> 
  custom:container-demuxer-ogg: 62fdf1f143b41e24485cea50d1cbac27 -> 
  custom:video-decoder-webm-vp8: 9c59270c3fd7afecdb556c50c9e8de78 -> 
  custom:audio-decoder-ogg-vorbis: bf7c407c2cedff20999df2af8eb42d56 -> 
========================================================================
Received Prepare
Registering precompiled user dll's ...
Registered in 0.003433 seconds.
Begin MonoManager ReloadAssembly
Native extension for WindowsStandalone target not found
Refreshing native plugins compatible for Editor in 0.57 ms, found 3 plugins.
Preloading 0 native plugins for Editor in 0.00 ms.
Mono: successfully reloaded assembly
- Completed reload, in  1.098 seconds
Domain Reload Profiling:
	ReloadAssembly (1099ms)
		BeginReloadAssembly (150ms)
			ExecutionOrderSort (0ms)
			DisableScriptedObjects (7ms)
			BackupInstance (0ms)
			ReleaseScriptingObjects (0ms)
			CreateAndSetChildDomain (31ms)
		EndReloadAssembly (849ms)
			LoadAssemblies (108ms)
			RebuildTransferFunctionScriptingTraits (0ms)
			SetupTypeCache (198ms)
			ReleaseScriptCaches (1ms)
			RebuildScriptCaches (62ms)
			SetupLoadedEditorAssemblies (448ms)
				LogAssemblyErrors (0ms)
				InitializePlatformSupportModulesInManaged (6ms)
				SetLoadedEditorAssemblies (1ms)
				RefreshPlugins (1ms)
				BeforeProcessingInitializeOnLoad (92ms)
				ProcessInitializeOnLoadAttributes (291ms)
				ProcessInitializeOnLoadMethodAttributes (54ms)
				AfterProcessingInitializeOnLoad (4ms)
				EditorAssembliesLoaded (0ms)
			ExecutionOrderSort2 (0ms)
			AwakeInstancesAfterBackupRestoration (15ms)
Platform modules already initialized, skipping
Refreshing native plugins compatible for Editor in 2.05 ms, found 3 plugins.
Preloading 0 native plugins for Editor in 0.00 ms.
Unloading 2142 Unused Serialized files (Serialized files now loaded: 0)
Unloading 17 unused Assets / (31.7 KB). Loaded Objects now: 2644.
Memory consumption went from 103.8 MB to 103.8 MB.
Total: 6.674000 ms (FindLiveObjects: 0.497200 ms CreateObjectMapping: 0.258400 ms MarkObjects: 5.881400 ms  DeleteObjects: 0.033500 ms)

AssetImportParameters requested are different than current active one (requested -> active):
  custom:video-decoder-ogg-theora: a1e56fd34408186e4bbccfd4996cb3dc -> 
  custom:container-muxer-webm: aa71ff27fc2769a1b78a27578f13a17b -> 
  custom:container-demuxer-webm: 4f35f7cbe854078d1ac9338744f61a02 -> 
  custom:video-encoder-webm-vp8: eb34c28f22e8b96e1ab97ce403110664 -> 
  custom:audio-encoder-webm-vorbis: bf7c407c2cedff20999df2af8eb42d56 -> 
  custom:framework-win-MediaFoundation: 216162199b28c13a410421893ffa2e32 -> 
  custom:container-demuxer-ogg: 62fdf1f143b41e24485cea50d1cbac27 -> 
  custom:video-decoder-webm-vp8: 9c59270c3fd7afecdb556c50c9e8de78 -> 
  custom:audio-decoder-ogg-vorbis: bf7c407c2cedff20999df2af8eb42d56 -> 
========================================================================
Received Import Request.
  Time since last request: 495.680147 seconds.
  path: Assets/sprites/cerc.png
  artifactKey: Guid(3e2160b77fd4735458561579c5d166aa) Importer(815301076,1909f56bfc062723c751e8b465ee728b)
Start importing Assets/sprites/cerc.png using Guid(3e2160b77fd4735458561579c5d166aa) Importer(815301076,1909f56bfc062723c751e8b465ee728b)  -> (artifact id: '59937abb4163fb4669b40ae43b50be36') in 0.226694 seconds 
========================================================================
Received Import Request.
  Time since last request: 0.000091 seconds.
  path: Assets/sprites/obstacolplaceholder.png
  artifactKey: Guid(d39d541bb86bf4e4f986e34f1e435222) Importer(815301076,1909f56bfc062723c751e8b465ee728b)
Start importing Assets/sprites/obstacolplaceholder.png using Guid(d39d541bb86bf4e4f986e34f1e435222) Importer(815301076,1909f56bfc062723c751e8b465ee728b)  -> (artifact id: 'd758cf55d91218884e4339a41876afaa') in 0.055306 seconds 
========================================================================
Received Import Request.
  Time since last request: 0.000036 seconds.
  path: Assets/sprites/key.gif
  artifactKey: Guid(fa05318791cdbde4fb1fc996390476ef) Importer(815301076,1909f56bfc062723c751e8b465ee728b)
Start importing Assets/sprites/key.gif using Guid(fa05318791cdbde4fb1fc996390476ef) Importer(815301076,1909f56bfc062723c751e8b465ee728b)  -> (artifact id: 'a35b642016bbaa4301959d4c745fdef1') in 0.037321 seconds 
========================================================================
Received Import Request.
  Time since last request: 0.000043 seconds.
  path: Assets/sprites/nu stiu.png
  artifactKey: Guid(eec532cd5c002a1409994af823436e09) Importer(815301076,1909f56bfc062723c751e8b465ee728b)
Start importing Assets/sprites/nu stiu.png using Guid(eec532cd5c002a1409994af823436e09) Importer(815301076,1909f56bfc062723c751e8b465ee728b)  -> (artifact id: 'b38a15f08bda85dcd071c5c81e2e46d4') in 0.042666 seconds 
Editor requested this worker to shutdown with reason: Scaling down because of idle timeout
AssetImportWorker is now disconnected from the server
Process exiting
Exiting without the bug reporter. Application will terminate with return code 0