Using pre-set license
Built from '2021.3/staging' branch; Version is '2021.3.20f1 (577897200b8b) revision 5732503'; Using compiler version '192829333'; Build Type 'Release'
OS: 'Windows 10  (10.0.19044) 64bit Professional' Language: 'en' Physical Memory: 8065 MB
BatchMode: 1, IsHumanControllingUs: 0, StartBugReporterOnCrash: 0, Is64bit: 1, IsPro: 1

COMMAND LINE ARGUMENTS:
E:\Tu\unity\2021.3.20f1\Editor\Unity.exe
-adb2
-batchMode
-noUpm
-name
AssetImportWorker5
-projectPath
E:/Tu/joc Tu Pa/Joc-Tudor-Paun/Joc tp
-logFile
Logs/AssetImportWorker5.log
-srvPort
61628
Successfully changed project path to: E:/Tu/joc Tu Pa/Joc-Tudor-Paun/Joc tp
E:/Tu/joc Tu Pa/Joc-Tudor-Paun/Joc tp
[UnityMemory] Configuration Parameters - Can be set up in boot.config
    "memorysetup-bucket-allocator-granularity=16"
    "memorysetup-bucket-allocator-bucket-count=8"
    "memorysetup-bucket-allocator-block-size=33554432"
    "memorysetup-bucket-allocator-block-count=8"
    "memorysetup-main-allocator-block-size=16777216"
    "memorysetup-thread-allocator-block-size=16777216"
    "memorysetup-gfx-main-allocator-block-size=16777216"
    "memorysetup-gfx-thread-allocator-block-size=16777216"
    "memorysetup-cache-allocator-block-size=4194304"
    "memorysetup-typetree-allocator-block-size=2097152"
    "memorysetup-profiler-bucket-allocator-granularity=16"
    "memorysetup-profiler-bucket-allocator-bucket-count=8"
    "memorysetup-profiler-bucket-allocator-block-size=33554432"
    "memorysetup-profiler-bucket-allocator-block-count=8"
    "memorysetup-profiler-allocator-block-size=16777216"
    "memorysetup-profiler-editor-allocator-block-size=1048576"
    "memorysetup-temp-allocator-size-main=16777216"
    "memorysetup-job-temp-allocator-block-size=2097152"
    "memorysetup-job-temp-allocator-block-size-background=1048576"
    "memorysetup-job-temp-allocator-reduction-small-platforms=262144"
    "memorysetup-temp-allocator-size-background-worker=32768"
    "memorysetup-temp-allocator-size-job-worker=262144"
    "memorysetup-temp-allocator-size-preload-manager=33554432"
    "memorysetup-temp-allocator-size-nav-mesh-worker=65536"
    "memorysetup-temp-allocator-size-audio-worker=65536"
    "memorysetup-temp-allocator-size-cloud-worker=32768"
    "memorysetup-temp-allocator-size-gi-baking-worker=262144"
    "memorysetup-temp-allocator-size-gfx=262144"
Player connection [30316] Host "[IP] 192.168.0.131 [Port] 0 [Flags] 2 [Guid] 369174141 [EditorId] 369174141 [Version] 1048832 [Id] WindowsEditor(7,Pancoa) [Debug] 1 [PackageName] WindowsEditor [ProjectName] Editor" joined multi-casting on [225.0.0.222:54997]...

Player connection [30316] Host "[IP] 192.168.0.131 [Port] 0 [Flags] 2 [Guid] 369174141 [EditorId] 369174141 [Version] 1048832 [Id] WindowsEditor(7,Pancoa) [Debug] 1 [PackageName] WindowsEditor [ProjectName] Editor" joined alternative multi-casting on [225.0.0.222:34997]...

Refreshing native plugins compatible for Editor in 102.33 ms, found 3 plugins.
Preloading 0 native plugins for Editor in 0.00 ms.
Initialize engine version: 2021.3.20f1 (577897200b8b)
[Subsystems] Discovering subsystems at path E:/Tu/unity/2021.3.20f1/Editor/Data/Resources/UnitySubsystems
[Subsystems] Discovering subsystems at path E:/Tu/joc Tu Pa/Joc-Tudor-Paun/Joc tp/Assets
GfxDevice: creating device client; threaded=0; jobified=0
Direct3D:
    Version:  Direct3D 11.0 [level 11.1]
    Renderer: NVIDIA GeForce GTX 1050 Ti (ID=0x1c8c)
    Vendor:   NVIDIA
    VRAM:     4017 MB
    Driver:   31.0.15.3118
Initialize mono
Mono path[0] = 'E:/Tu/unity/2021.3.20f1/Editor/Data/Managed'
Mono path[1] = 'E:/Tu/unity/2021.3.20f1/Editor/Data/MonoBleedingEdge/lib/mono/unityjit-win32'
Mono config path = 'E:/Tu/unity/2021.3.20f1/Editor/Data/MonoBleedingEdge/etc'
Using monoOptions --debugger-agent=transport=dt_socket,embedding=1,server=y,suspend=n,address=127.0.0.1:56304
Begin MonoManager ReloadAssembly
Registering precompiled unity dll's ...
Register platform support module: E:/Tu/unity/2021.3.20f1/Editor/Data/PlaybackEngines/WindowsStandaloneSupport/UnityEditor.WindowsStandalone.Extensions.dll
Registered in 0.008939 seconds.
Native extension for WindowsStandalone target not found
Refreshing native plugins compatible for Editor in 66.27 ms, found 3 plugins.
Preloading 0 native plugins for Editor in 0.00 ms.
Mono: successfully reloaded assembly
- Completed reload, in  1.155 seconds
Domain Reload Profiling:
	ReloadAssembly (1156ms)
		BeginReloadAssembly (188ms)
			ExecutionOrderSort (0ms)
			DisableScriptedObjects (0ms)
			BackupInstance (0ms)
			ReleaseScriptingObjects (0ms)
			CreateAndSetChildDomain (2ms)
		EndReloadAssembly (800ms)
			LoadAssemblies (187ms)
			RebuildTransferFunctionScriptingTraits (0ms)
			SetupTypeCache (213ms)
			ReleaseScriptCaches (0ms)
			RebuildScriptCaches (52ms)
			SetupLoadedEditorAssemblies (446ms)
				LogAssemblyErrors (0ms)
				InitializePlatformSupportModulesInManaged (13ms)
				SetLoadedEditorAssemblies (0ms)
				RefreshPlugins (66ms)
				BeforeProcessingInitializeOnLoad (3ms)
				ProcessInitializeOnLoadAttributes (266ms)
				ProcessInitializeOnLoadMethodAttributes (96ms)
				AfterProcessingInitializeOnLoad (0ms)
				EditorAssembliesLoaded (0ms)
			ExecutionOrderSort2 (0ms)
			AwakeInstancesAfterBackupRestoration (0ms)
Platform modules already initialized, skipping
Registering precompiled user dll's ...
Registered in 0.007483 seconds.
Begin MonoManager ReloadAssembly
Native extension for WindowsStandalone target not found
Refreshing native plugins compatible for Editor in 58.30 ms, found 3 plugins.
Preloading 0 native plugins for Editor in 0.00 ms.
Mono: successfully reloaded assembly
- Completed reload, in  1.747 seconds
Domain Reload Profiling:
	ReloadAssembly (1748ms)
		BeginReloadAssembly (250ms)
			ExecutionOrderSort (0ms)
			DisableScriptedObjects (12ms)
			BackupInstance (0ms)
			ReleaseScriptingObjects (0ms)
			CreateAndSetChildDomain (44ms)
		EndReloadAssembly (1310ms)
			LoadAssemblies (199ms)
			RebuildTransferFunctionScriptingTraits (0ms)
			SetupTypeCache (394ms)
			ReleaseScriptCaches (1ms)
			RebuildScriptCaches (96ms)
			SetupLoadedEditorAssemblies (596ms)
				LogAssemblyErrors (0ms)
				InitializePlatformSupportModulesInManaged (7ms)
				SetLoadedEditorAssemblies (0ms)
				RefreshPlugins (59ms)
				BeforeProcessingInitializeOnLoad (88ms)
				ProcessInitializeOnLoadAttributes (366ms)
				ProcessInitializeOnLoadMethodAttributes (70ms)
				AfterProcessingInitializeOnLoad (5ms)
				EditorAssembliesLoaded (0ms)
			ExecutionOrderSort2 (0ms)
			AwakeInstancesAfterBackupRestoration (13ms)
Platform modules already initialized, skipping
========================================================================
Worker process is ready to serve import requests
Launched and connected shader compiler UnityShaderCompiler.exe after 0.11 seconds
Refreshing native plugins compatible for Editor in 0.84 ms, found 3 plugins.
Preloading 0 native plugins for Editor in 0.00 ms.
Unloading 2154 Unused Serialized files (Serialized files now loaded: 0)
Unloading 30 unused Assets / (56.1 KB). Loaded Objects now: 2620.
Memory consumption went from 100.8 MB to 100.8 MB.
Total: 6.924700 ms (FindLiveObjects: 0.562200 ms CreateObjectMapping: 0.259900 ms MarkObjects: 5.977300 ms  DeleteObjects: 0.123400 ms)

AssetImportParameters requested are different than current active one (requested -> active):
  custom:video-decoder-ogg-theora: a1e56fd34408186e4bbccfd4996cb3dc -> 
  custom:container-muxer-webm: aa71ff27fc2769a1b78a27578f13a17b -> 
  custom:container-demuxer-webm: 4f35f7cbe854078d1ac9338744f61a02 -> 
  custom:video-encoder-webm-vp8: eb34c28f22e8b96e1ab97ce403110664 -> 
  custom:audio-encoder-webm-vorbis: bf7c407c2cedff20999df2af8eb42d56 -> 
  custom:framework-win-MediaFoundation: 216162199b28c13a410421893ffa2e32 -> 
  custom:container-demuxer-ogg: 62fdf1f143b41e24485cea50d1cbac27 -> 
  custom:video-decoder-webm-vp8: 9c59270c3fd7afecdb556c50c9e8de78 -> 
  custom:audio-decoder-ogg-vorbis: bf7c407c2cedff20999df2af8eb42d56 -> 
========================================================================
Received Import Request.
  Time since last request: 193217.443137 seconds.
  path: Assets/nivelobstacole/tiles/peretespate/peretespate_0.asset
  artifactKey: Guid(d200a9f560fe68f4ea7c041f8fb8f005) Importer(815301076,1909f56bfc062723c751e8b465ee728b)
Start importing Assets/nivelobstacole/tiles/peretespate/peretespate_0.asset using Guid(d200a9f560fe68f4ea7c041f8fb8f005) Importer(815301076,1909f56bfc062723c751e8b465ee728b)  -> (artifact id: '80602fb1bc155f335abc2d4d217da113') in 0.154347 seconds 
========================================================================
Received Import Request.
  Time since last request: 0.000075 seconds.
  path: Assets/nivelobstacole/tiles/peretespate/peretespate_9.asset
  artifactKey: Guid(cf9a0058ca84cc145a988b4d7e8b0d79) Importer(815301076,1909f56bfc062723c751e8b465ee728b)
Start importing Assets/nivelobstacole/tiles/peretespate/peretespate_9.asset using Guid(cf9a0058ca84cc145a988b4d7e8b0d79) Importer(815301076,1909f56bfc062723c751e8b465ee728b)  -> (artifact id: '4e03e25c7b252bdd6eccc1e9f04a7a55') in 0.015371 seconds 
========================================================================
Received Import Request.
  Time since last request: 0.000086 seconds.
  path: Assets/nivelobstacole/tiles/peretespate/peretespate_20.asset
  artifactKey: Guid(b77382ea5a2e87c42b8ab175d6ebde9a) Importer(815301076,1909f56bfc062723c751e8b465ee728b)
Start importing Assets/nivelobstacole/tiles/peretespate/peretespate_20.asset using Guid(b77382ea5a2e87c42b8ab175d6ebde9a) Importer(815301076,1909f56bfc062723c751e8b465ee728b)  -> (artifact id: '26c9720ac2e7bd33781c4b4397c910a7') in 0.022292 seconds 
========================================================================
Received Import Request.
  Time since last request: 0.000176 seconds.
  path: Assets/nivelobstacole/tiles/peretespate/peretespate_17.asset
  artifactKey: Guid(b02afcbcc434836489447b738708c3cf) Importer(815301076,1909f56bfc062723c751e8b465ee728b)
Start importing Assets/nivelobstacole/tiles/peretespate/peretespate_17.asset using Guid(b02afcbcc434836489447b738708c3cf) Importer(815301076,1909f56bfc062723c751e8b465ee728b)  -> (artifact id: '3b8c3452870f7afc6d20a4d7a8a25798') in 0.025183 seconds 
========================================================================
Received Import Request.
  Time since last request: 0.000061 seconds.
  path: Assets/nivelobstacole/tiles/peretespate/peretespate_15.asset
  artifactKey: Guid(b75168d033430f14a89e5371e513eaf2) Importer(815301076,1909f56bfc062723c751e8b465ee728b)
Start importing Assets/nivelobstacole/tiles/peretespate/peretespate_15.asset using Guid(b75168d033430f14a89e5371e513eaf2) Importer(815301076,1909f56bfc062723c751e8b465ee728b)  -> (artifact id: '36db822fe69a06d1bfd032e13c435974') in 0.009014 seconds 
========================================================================
Received Import Request.
  Time since last request: 0.000026 seconds.
  path: Assets/nivelobstacole/tiles/peretespate/peretespate_22.asset
  artifactKey: Guid(517585a2f1db720469f969ab039e334e) Importer(815301076,1909f56bfc062723c751e8b465ee728b)
Start importing Assets/nivelobstacole/tiles/peretespate/peretespate_22.asset using Guid(517585a2f1db720469f969ab039e334e) Importer(815301076,1909f56bfc062723c751e8b465ee728b)  -> (artifact id: '80c82949e86fce975517196a7514e2fb') in 0.023726 seconds 
========================================================================
Received Import Request.
  Time since last request: 0.000037 seconds.
  path: Assets/nivelobstacole/tiles/peretespate/peretespate_8.asset
  artifactKey: Guid(8b468b5b7feb78142be87de106824856) Importer(815301076,1909f56bfc062723c751e8b465ee728b)
Start importing Assets/nivelobstacole/tiles/peretespate/peretespate_8.asset using Guid(8b468b5b7feb78142be87de106824856) Importer(815301076,1909f56bfc062723c751e8b465ee728b)  -> (artifact id: '9170c734be48bf86c0f7f80b629d3c00') in 0.018255 seconds 
========================================================================
Received Import Request.
  Time since last request: 0.000050 seconds.
  path: Assets/nivelobstacole/tiles/peretespate/peretespate_7.asset
  artifactKey: Guid(7a0093af679c76742bea581fc80a9fe1) Importer(815301076,1909f56bfc062723c751e8b465ee728b)
Start importing Assets/nivelobstacole/tiles/peretespate/peretespate_7.asset using Guid(7a0093af679c76742bea581fc80a9fe1) Importer(815301076,1909f56bfc062723c751e8b465ee728b)  -> (artifact id: 'deb5d06fc46f4de5f0ceef4aeb8ea59f') in 0.020005 seconds 
========================================================================
Received Import Request.
  Time since last request: 0.000070 seconds.
  path: Assets/nivelobstacole/tiles/peretespate/peretespate_24.asset
  artifactKey: Guid(98bae4115469a6a47a00633df692b099) Importer(815301076,1909f56bfc062723c751e8b465ee728b)
Start importing Assets/nivelobstacole/tiles/peretespate/peretespate_24.asset using Guid(98bae4115469a6a47a00633df692b099) Importer(815301076,1909f56bfc062723c751e8b465ee728b)  -> (artifact id: '74d1bc67e6ef7e4dccf6ad120e034d70') in 0.022916 seconds 
========================================================================
Received Import Request.
  Time since last request: 0.000150 seconds.
  path: Assets/nivelobstacole/tiles/peretespate/peretespate_1.asset
  artifactKey: Guid(caeecf75ee2e7b24da794a3deff58b5e) Importer(815301076,1909f56bfc062723c751e8b465ee728b)
Start importing Assets/nivelobstacole/tiles/peretespate/peretespate_1.asset using Guid(caeecf75ee2e7b24da794a3deff58b5e) Importer(815301076,1909f56bfc062723c751e8b465ee728b)  -> (artifact id: '9dcf459a341e3841826dbd0a9d3aac71') in 0.018503 seconds 
========================================================================
Received Import Request.
  Time since last request: 0.000049 seconds.
  path: Assets/nivelobstacole/tiles/peretespate/peretespate_12.asset
  artifactKey: Guid(af3c32a623c15344482bbf2abfcb88c4) Importer(815301076,1909f56bfc062723c751e8b465ee728b)
Start importing Assets/nivelobstacole/tiles/peretespate/peretespate_12.asset using Guid(af3c32a623c15344482bbf2abfcb88c4) Importer(815301076,1909f56bfc062723c751e8b465ee728b)  -> (artifact id: '3e5c45796dfac75a7216e798bbcc7f16') in 0.012843 seconds 
========================================================================
Received Import Request.
  Time since last request: 0.000052 seconds.
  path: Assets/nivelobstacole/tiles/peretespate/peretespate_3.asset
  artifactKey: Guid(9a37b0218636f6846979e4a2d660824f) Importer(815301076,1909f56bfc062723c751e8b465ee728b)
Start importing Assets/nivelobstacole/tiles/peretespate/peretespate_3.asset using Guid(9a37b0218636f6846979e4a2d660824f) Importer(815301076,1909f56bfc062723c751e8b465ee728b)  -> (artifact id: '2e9c9403d17fb5e1064c708ff9d8e7d5') in 0.037151 seconds 
========================================================================
Received Import Request.
  Time since last request: 0.000047 seconds.
  path: Assets/nivelobstacole/tiles/peretespate/peretespate_10.asset
  artifactKey: Guid(12bf4ee26159d1b4583cea544c06e9b9) Importer(815301076,1909f56bfc062723c751e8b465ee728b)
Start importing Assets/nivelobstacole/tiles/peretespate/peretespate_10.asset using Guid(12bf4ee26159d1b4583cea544c06e9b9) Importer(815301076,1909f56bfc062723c751e8b465ee728b)  -> (artifact id: '1c02c43610114a8fe1432ebbac227ddd') in 0.020875 seconds 
========================================================================
Received Import Request.
  Time since last request: 0.000045 seconds.
  path: Assets/nivelobstacole/tiles/peretespate/peretespate_23.asset
  artifactKey: Guid(affcc3a7130d55c41a3443eb25a53e1d) Importer(815301076,1909f56bfc062723c751e8b465ee728b)
Start importing Assets/nivelobstacole/tiles/peretespate/peretespate_23.asset using Guid(affcc3a7130d55c41a3443eb25a53e1d) Importer(815301076,1909f56bfc062723c751e8b465ee728b)  -> (artifact id: '7966b3470f2bab0e960a17a0e9952566') in 0.021775 seconds 
========================================================================
Received Import Request.
  Time since last request: 0.000063 seconds.
  path: Assets/nivelobstacole/tiles/peretespate/peretespate_13.asset
  artifactKey: Guid(d4850e6f1ca5c474aa3d4e962ce02bcc) Importer(815301076,1909f56bfc062723c751e8b465ee728b)
Start importing Assets/nivelobstacole/tiles/peretespate/peretespate_13.asset using Guid(d4850e6f1ca5c474aa3d4e962ce02bcc) Importer(815301076,1909f56bfc062723c751e8b465ee728b)  -> (artifact id: 'b3ffbafec564183991e98c96991a9fbd') in 0.028084 seconds 
========================================================================
Received Import Request.
  Time since last request: 0.000055 seconds.
  path: Assets/nivelobstacole/tiles/peretespate/peretespate_28.asset
  artifactKey: Guid(261f101fa09e0494799be6ebc77d35c4) Importer(815301076,1909f56bfc062723c751e8b465ee728b)
Start importing Assets/nivelobstacole/tiles/peretespate/peretespate_28.asset using Guid(261f101fa09e0494799be6ebc77d35c4) Importer(815301076,1909f56bfc062723c751e8b465ee728b)  -> (artifact id: 'a39c8d9ce869901660b67f9a6344e1d3') in 0.044346 seconds 
========================================================================
Received Import Request.
  Time since last request: 0.000073 seconds.
  path: Assets/nivelobstacole/tiles/peretespate/peretespate_18.asset
  artifactKey: Guid(93e4c8a271eefe548b0d2b17851dd273) Importer(815301076,1909f56bfc062723c751e8b465ee728b)
Start importing Assets/nivelobstacole/tiles/peretespate/peretespate_18.asset using Guid(93e4c8a271eefe548b0d2b17851dd273) Importer(815301076,1909f56bfc062723c751e8b465ee728b)  -> (artifact id: 'c3c45d4572cd5ff6cfa6f99f5f14aade') in 0.025140 seconds 
========================================================================
Received Import Request.
  Time since last request: 51.516273 seconds.
  path: Assets/nivelobstacole/tiles/peretespate/peretespate_33.asset
  artifactKey: Guid(56e8753d12f91444f889a256255e3aec) Importer(815301076,1909f56bfc062723c751e8b465ee728b)
Start importing Assets/nivelobstacole/tiles/peretespate/peretespate_33.asset using Guid(56e8753d12f91444f889a256255e3aec) Importer(815301076,1909f56bfc062723c751e8b465ee728b)  -> (artifact id: 'e38a24933cabf633e84bf059d073feac') in 0.025823 seconds 
========================================================================
Received Import Request.
  Time since last request: 0.000040 seconds.
  path: Assets/nivelobstacole/tiles/peretespate/peretespate_35.asset
  artifactKey: Guid(04cb505547a14a24299926334d4d56ed) Importer(815301076,1909f56bfc062723c751e8b465ee728b)
Start importing Assets/nivelobstacole/tiles/peretespate/peretespate_35.asset using Guid(04cb505547a14a24299926334d4d56ed) Importer(815301076,1909f56bfc062723c751e8b465ee728b)  -> (artifact id: 'df56f0ca14fa0a01e64af90b9f01d5c1') in 0.030591 seconds 
