Using pre-set license
Built from '2021.3/staging' branch; Version is '2021.3.20f1 (577897200b8b) revision 5732503'; Using compiler version '192829333'; Build Type 'Release'
OS: 'Windows 10  (10.0.19044) 64bit Professional' Language: 'en' Physical Memory: 32694 MB
BatchMode: 1, IsHumanControllingUs: 0, StartBugReporterOnCrash: 0, Is64bit: 1, IsPro: 1

COMMAND LINE ARGUMENTS:
D:\unity\2021.3.20f1\Editor\Unity.exe
-adb2
-batchMode
-noUpm
-name
AssetImportWorker1
-projectPath
C:/Users/TUF GAMING/Documents/GitHub/Joc-Tudor-Paun/Joc tp
-logFile
Logs/AssetImportWorker1.log
-srvPort
60675
Successfully changed project path to: C:/Users/TUF GAMING/Documents/GitHub/Joc-Tudor-Paun/Joc tp
C:/Users/TUF GAMING/Documents/GitHub/Joc-Tudor-Paun/Joc tp
[UnityMemory] Configuration Parameters - Can be set up in boot.config
    "memorysetup-bucket-allocator-granularity=16"
    "memorysetup-bucket-allocator-bucket-count=8"
    "memorysetup-bucket-allocator-block-size=33554432"
    "memorysetup-bucket-allocator-block-count=8"
    "memorysetup-main-allocator-block-size=16777216"
    "memorysetup-thread-allocator-block-size=16777216"
    "memorysetup-gfx-main-allocator-block-size=16777216"
    "memorysetup-gfx-thread-allocator-block-size=16777216"
    "memorysetup-cache-allocator-block-size=4194304"
    "memorysetup-typetree-allocator-block-size=2097152"
    "memorysetup-profiler-bucket-allocator-granularity=16"
    "memorysetup-profiler-bucket-allocator-bucket-count=8"
    "memorysetup-profiler-bucket-allocator-block-size=33554432"
    "memorysetup-profiler-bucket-allocator-block-count=8"
    "memorysetup-profiler-allocator-block-size=16777216"
    "memorysetup-profiler-editor-allocator-block-size=1048576"
    "memorysetup-temp-allocator-size-main=16777216"
    "memorysetup-job-temp-allocator-block-size=2097152"
    "memorysetup-job-temp-allocator-block-size-background=1048576"
    "memorysetup-job-temp-allocator-reduction-small-platforms=262144"
    "memorysetup-temp-allocator-size-background-worker=32768"
    "memorysetup-temp-allocator-size-job-worker=262144"
    "memorysetup-temp-allocator-size-preload-manager=33554432"
    "memorysetup-temp-allocator-size-nav-mesh-worker=65536"
    "memorysetup-temp-allocator-size-audio-worker=65536"
    "memorysetup-temp-allocator-size-cloud-worker=32768"
    "memorysetup-temp-allocator-size-gi-baking-worker=262144"
    "memorysetup-temp-allocator-size-gfx=262144"
Player connection [2216] Host "[IP] 192.168.1.5 [Port] 0 [Flags] 2 [Guid] 3736098173 [EditorId] 3736098173 [Version] 1048832 [Id] WindowsEditor(7,Fuckyouall) [Debug] 1 [PackageName] WindowsEditor [ProjectName] Editor" joined multi-casting on [225.0.0.222:54997]...

Player connection [2216] Host "[IP] 192.168.1.5 [Port] 0 [Flags] 2 [Guid] 3736098173 [EditorId] 3736098173 [Version] 1048832 [Id] WindowsEditor(7,Fuckyouall) [Debug] 1 [PackageName] WindowsEditor [ProjectName] Editor" joined alternative multi-casting on [225.0.0.222:34997]...

Refreshing native plugins compatible for Editor in 40.14 ms, found 3 plugins.
Preloading 0 native plugins for Editor in 0.00 ms.
Initialize engine version: 2021.3.20f1 (577897200b8b)
[Subsystems] Discovering subsystems at path D:/unity/2021.3.20f1/Editor/Data/Resources/UnitySubsystems
[Subsystems] Discovering subsystems at path C:/Users/TUF GAMING/Documents/GitHub/Joc-Tudor-Paun/Joc tp/Assets
GfxDevice: creating device client; threaded=0; jobified=0
Direct3D:
    Version:  Direct3D 11.0 [level 11.1]
    Renderer: NVIDIA GeForce RTX 2070 (ID=0x1f07)
    Vendor:   NVIDIA
    VRAM:     8031 MB
    Driver:   31.0.15.1694
Initialize mono
Mono path[0] = 'D:/unity/2021.3.20f1/Editor/Data/Managed'
Mono path[1] = 'D:/unity/2021.3.20f1/Editor/Data/MonoBleedingEdge/lib/mono/unityjit-win32'
Mono config path = 'D:/unity/2021.3.20f1/Editor/Data/MonoBleedingEdge/etc'
Using monoOptions --debugger-agent=transport=dt_socket,embedding=1,server=y,suspend=n,address=127.0.0.1:56448
Begin MonoManager ReloadAssembly
Registering precompiled unity dll's ...
Register platform support module: D:/unity/2021.3.20f1/Editor/Data/PlaybackEngines/WindowsStandaloneSupport/UnityEditor.WindowsStandalone.Extensions.dll
Registered in 0.003696 seconds.
Native extension for WindowsStandalone target not found
Refreshing native plugins compatible for Editor in 40.56 ms, found 3 plugins.
Preloading 0 native plugins for Editor in 0.00 ms.
Mono: successfully reloaded assembly
- Completed reload, in  0.679 seconds
Domain Reload Profiling:
	ReloadAssembly (680ms)
		BeginReloadAssembly (114ms)
			ExecutionOrderSort (0ms)
			DisableScriptedObjects (0ms)
			BackupInstance (0ms)
			ReleaseScriptingObjects (0ms)
			CreateAndSetChildDomain (1ms)
		EndReloadAssembly (456ms)
			LoadAssemblies (114ms)
			RebuildTransferFunctionScriptingTraits (0ms)
			SetupTypeCache (126ms)
			ReleaseScriptCaches (0ms)
			RebuildScriptCaches (33ms)
			SetupLoadedEditorAssemblies (242ms)
				LogAssemblyErrors (0ms)
				InitializePlatformSupportModulesInManaged (8ms)
				SetLoadedEditorAssemblies (0ms)
				RefreshPlugins (41ms)
				BeforeProcessingInitializeOnLoad (1ms)
				ProcessInitializeOnLoadAttributes (140ms)
				ProcessInitializeOnLoadMethodAttributes (52ms)
				AfterProcessingInitializeOnLoad (0ms)
				EditorAssembliesLoaded (0ms)
			ExecutionOrderSort2 (0ms)
			AwakeInstancesAfterBackupRestoration (0ms)
Platform modules already initialized, skipping
Registering precompiled user dll's ...
Registered in 0.006250 seconds.
Begin MonoManager ReloadAssembly
Native extension for WindowsStandalone target not found
Refreshing native plugins compatible for Editor in 42.61 ms, found 3 plugins.
Preloading 0 native plugins for Editor in 0.00 ms.
Mono: successfully reloaded assembly
- Completed reload, in  1.031 seconds
Domain Reload Profiling:
	ReloadAssembly (1031ms)
		BeginReloadAssembly (139ms)
			ExecutionOrderSort (0ms)
			DisableScriptedObjects (6ms)
			BackupInstance (0ms)
			ReleaseScriptingObjects (0ms)
			CreateAndSetChildDomain (20ms)
		EndReloadAssembly (790ms)
			LoadAssemblies (107ms)
			RebuildTransferFunctionScriptingTraits (0ms)
			SetupTypeCache (194ms)
			ReleaseScriptCaches (1ms)
			RebuildScriptCaches (62ms)
			SetupLoadedEditorAssemblies (397ms)
				LogAssemblyErrors (0ms)
				InitializePlatformSupportModulesInManaged (4ms)
				SetLoadedEditorAssemblies (0ms)
				RefreshPlugins (43ms)
				BeforeProcessingInitializeOnLoad (72ms)
				ProcessInitializeOnLoadAttributes (235ms)
				ProcessInitializeOnLoadMethodAttributes (40ms)
				AfterProcessingInitializeOnLoad (3ms)
				EditorAssembliesLoaded (0ms)
			ExecutionOrderSort2 (0ms)
			AwakeInstancesAfterBackupRestoration (7ms)
Platform modules already initialized, skipping
========================================================================
Worker process is ready to serve import requests
Launched and connected shader compiler UnityShaderCompiler.exe after 0.04 seconds
Refreshing native plugins compatible for Editor in 0.45 ms, found 3 plugins.
Preloading 0 native plugins for Editor in 0.00 ms.
Unloading 2154 Unused Serialized files (Serialized files now loaded: 0)
Unloading 30 unused Assets / (56.0 KB). Loaded Objects now: 2620.
Memory consumption went from 100.8 MB to 100.8 MB.
Total: 3.155300 ms (FindLiveObjects: 0.206800 ms CreateObjectMapping: 0.149600 ms MarkObjects: 2.727300 ms  DeleteObjects: 0.070600 ms)

AssetImportParameters requested are different than current active one (requested -> active):
  custom:video-decoder-ogg-theora: a1e56fd34408186e4bbccfd4996cb3dc -> 
  custom:container-muxer-webm: aa71ff27fc2769a1b78a27578f13a17b -> 
  custom:container-demuxer-webm: 4f35f7cbe854078d1ac9338744f61a02 -> 
  custom:video-encoder-webm-vp8: eb34c28f22e8b96e1ab97ce403110664 -> 
  custom:video-codec-MediaFoundation-h265: 746d11721c4dcdbdad8f713fa42b33f4 -> 
  custom:audio-encoder-webm-vorbis: bf7c407c2cedff20999df2af8eb42d56 -> 
  custom:framework-win-MediaFoundation: 216162199b28c13a410421893ffa2e32 -> 
  custom:container-demuxer-ogg: 62fdf1f143b41e24485cea50d1cbac27 -> 
  custom:video-decoder-webm-vp8: 9c59270c3fd7afecdb556c50c9e8de78 -> 
  custom:audio-decoder-ogg-vorbis: bf7c407c2cedff20999df2af8eb42d56 -> 
========================================================================
Received Import Request.
  Time since last request: 18215.239017 seconds.
  path: Assets/player/sechitbox.physicsMaterial2D
  artifactKey: Guid(7d61a994d6592c746a0d6995c19b12f9) Importer(815301076,1909f56bfc062723c751e8b465ee728b)
Start importing Assets/player/sechitbox.physicsMaterial2D using Guid(7d61a994d6592c746a0d6995c19b12f9) Importer(815301076,1909f56bfc062723c751e8b465ee728b)  -> (artifact id: '3012fb26b17bd0328aae3113a4f1e3bf') in 0.055360 seconds 
========================================================================
Received Import Request.
  Time since last request: 4.606783 seconds.
  path: Assets/fonturi/Roboto-BlackItalic.ttf
  artifactKey: Guid(b35775e54b514a240b9975e567682192) Importer(815301076,1909f56bfc062723c751e8b465ee728b)
Start importing Assets/fonturi/Roboto-BlackItalic.ttf using Guid(b35775e54b514a240b9975e567682192) Importer(815301076,1909f56bfc062723c751e8b465ee728b)  -> (artifact id: '6acc3952907d95a0ec5338579bd4b7da') in 0.205663 seconds 
========================================================================
Received Import Request.
  Time since last request: 0.000020 seconds.
  path: Assets/fonturi/Roboto-Medium.ttf
  artifactKey: Guid(bc05c9538b5cc77448e7ace2c5b89c2a) Importer(815301076,1909f56bfc062723c751e8b465ee728b)
Start importing Assets/fonturi/Roboto-Medium.ttf using Guid(bc05c9538b5cc77448e7ace2c5b89c2a) Importer(815301076,1909f56bfc062723c751e8b465ee728b)  -> (artifact id: '28bd83701ccb767996fe630d9e148a6f') in 0.120196 seconds 
========================================================================
Received Import Request.
  Time since last request: 0.000029 seconds.
  path: Assets/fonturi/Roboto-Regular.ttf
  artifactKey: Guid(00833a0c9ef848b4b880f708c54ec7b7) Importer(815301076,1909f56bfc062723c751e8b465ee728b)
Start importing Assets/fonturi/Roboto-Regular.ttf using Guid(00833a0c9ef848b4b880f708c54ec7b7) Importer(815301076,1909f56bfc062723c751e8b465ee728b)  -> (artifact id: '198fa0742bb6e97d2d220d59c869ef61') in 0.097315 seconds 
========================================================================
Received Import Request.
  Time since last request: 0.000016 seconds.
  path: Assets/fonturi/Roboto-Bold.ttf
  artifactKey: Guid(43a5482f799a0024ca716baf2c0498e7) Importer(815301076,1909f56bfc062723c751e8b465ee728b)
Start importing Assets/fonturi/Roboto-Bold.ttf using Guid(43a5482f799a0024ca716baf2c0498e7) Importer(815301076,1909f56bfc062723c751e8b465ee728b)  -> (artifact id: '46022f7b0c78b92e65f6c350c6ee8e91') in 0.107294 seconds 
========================================================================
Received Import Request.
  Time since last request: 0.000026 seconds.
  path: Assets/fonturi/Roboto-LightItalic.ttf
  artifactKey: Guid(862123db1c94b6440853c5adb4634740) Importer(815301076,1909f56bfc062723c751e8b465ee728b)
Start importing Assets/fonturi/Roboto-LightItalic.ttf using Guid(862123db1c94b6440853c5adb4634740) Importer(815301076,1909f56bfc062723c751e8b465ee728b)  -> (artifact id: '479e2c1312786f5d570406ec66097b43') in 0.095394 seconds 
========================================================================
Received Import Request.
  Time since last request: 0.000029 seconds.
  path: Assets/fonturi/Roboto-BoldItalic.ttf
  artifactKey: Guid(f1336d4f9f9ab6c428c6cf3ad6fc533c) Importer(815301076,1909f56bfc062723c751e8b465ee728b)
Start importing Assets/fonturi/Roboto-BoldItalic.ttf using Guid(f1336d4f9f9ab6c428c6cf3ad6fc533c) Importer(815301076,1909f56bfc062723c751e8b465ee728b)  -> (artifact id: '64248105627cfc6689b7eb7ad6116ccd') in 0.069944 seconds 
